#
# There is insufficient memory for the Java Runtime Environment to continue.
# Native memory allocation (malloc) failed to allocate 334736 bytes for Chunk::new
# Possible reasons:
#   The system is out of physical RAM or swap space
#   The process is running with CompressedOops enabled, and the Java Heap may be blocking the growth of the native heap
# Possible solutions:
#   Reduce memory load on the system
#   Increase physical memory or swap space
#   Check if swap backing store is full
#   Decrease Java heap size (-Xmx/-Xms)
#   Decrease number of Java threads
#   Decrease Java thread stack sizes (-Xss)
#   Set larger code cache with -XX:ReservedCodeCacheSize=
#   JVM is running with Unscaled Compressed Oops mode in which the Java heap is
#     placed in the first 4GB address space. The Java Heap base address is the
#     maximum limit for the native heap growth. Please use -XX:HeapBaseMinAddress
#     to set the Java Heap base and to place the Java Heap above 4GB virtual address.
# This output file may be truncated or incomplete.
#
#  Out of Memory Error (arena.cpp:184), pid=21768, tid=24088
#
# JRE version: Java(TM) SE Runtime Environment (19.0+36) (build 19+36-2238)
# Java VM: Java HotSpot(TM) 64-Bit Server VM (19+36-2238, mixed mode, sharing, tiered, compressed oops, compressed class ptrs, g1 gc, windows-amd64)
# No core dump will be written. Minidumps are not enabled by default on client versions of Windows
#

---------------  S U M M A R Y ------------

Command Line: -Xmx64m -Xms64m -Dorg.gradle.appname=gradlew org.gradle.wrapper.GradleWrapperMain tasks

Host: Intel(R) Core(TM) i5-10300H CPU @ 2.50GHz, 8 cores, 15G,  Windows 11 , 64 bit Build 22621 (10.0.22621.2428)
Time: Tue Nov 14 10:58:26 2023 SE Asia Standard Time elapsed time: 2.187142 seconds (0d 0h 0m 2s)

---------------  T H R E A D  ---------------

Current thread (0x0000025930df4670):  JavaThread "C2 CompilerThread0" daemon [_thread_in_native, id=24088, stack(0x0000009a13300000,0x0000009a13400000)]


Current CompileTask:
C2:   2187 1233 %     4       sun.security.provider.SHA::implCompress0 @ 27 (506 bytes)

Stack: [0x0000009a13300000,0x0000009a13400000]
Native frames: (J=compiled Java code, j=interpreted, Vv=VM code, C=native code)
V  [jvm.dll+0x6ee8fa]
V  [jvm.dll+0x857a1e]
V  [jvm.dll+0x85940e]
V  [jvm.dll+0x859ac3]
V  [jvm.dll+0x28291f]
V  [jvm.dll+0xc9b5f]
V  [jvm.dll+0xc9ee5]
V  [jvm.dll+0x2f7c6f]
V  [jvm.dll+0x5f0c5b]
V  [jvm.dll+0x2551fc]
V  [jvm.dll+0x24e097]
V  [jvm.dll+0x24b563]
V  [jvm.dll+0x1d6d61]
V  [jvm.dll+0x25b0fa]
V  [jvm.dll+0x259588]
V  [jvm.dll+0x807928]
V  [jvm.dll+0x8015fa]
V  [jvm.dll+0x6ed5eb]
C  [ucrtbase.dll+0x29363]
C  [KERNEL32.DLL+0x1257d]
C  [ntdll.dll+0x5aa78]


---------------  P R O C E S S  ---------------

Threads class SMR info:
_java_thread_list=0x00000259350d1df0, length=13, elements={
0x0000025915010a10, 0x0000025930deeeb0, 0x0000025930defe40, 0x0000025930df0b30,
0x0000025930df2470, 0x0000025930df2da0, 0x0000025930df3a10, 0x0000025930df4670,
0x0000025930df5180, 0x0000025930df7ca0, 0x0000025935095450, 0x00000259350a0230,
0x0000025935315300
}

Java Threads: ( => current thread )
  0x0000025915010a10 JavaThread "main" [_thread_in_native, id=28440, stack(0x0000009a12600000,0x0000009a12700000)]
  0x0000025930deeeb0 JavaThread "Reference Handler" daemon [_thread_blocked, id=26524, stack(0x0000009a12d00000,0x0000009a12e00000)]
  0x0000025930defe40 JavaThread "Finalizer" daemon [_thread_blocked, id=11140, stack(0x0000009a12e00000,0x0000009a12f00000)]
  0x0000025930df0b30 JavaThread "Signal Dispatcher" daemon [_thread_blocked, id=12588, stack(0x0000009a12f00000,0x0000009a13000000)]
  0x0000025930df2470 JavaThread "Attach Listener" daemon [_thread_blocked, id=21876, stack(0x0000009a13000000,0x0000009a13100000)]
  0x0000025930df2da0 JavaThread "Service Thread" daemon [_thread_blocked, id=18456, stack(0x0000009a13100000,0x0000009a13200000)]
  0x0000025930df3a10 JavaThread "Monitor Deflation Thread" daemon [_thread_blocked, id=10720, stack(0x0000009a13200000,0x0000009a13300000)]
=>0x0000025930df4670 JavaThread "C2 CompilerThread0" daemon [_thread_in_native, id=24088, stack(0x0000009a13300000,0x0000009a13400000)]
  0x0000025930df5180 JavaThread "C1 CompilerThread0" daemon [_thread_blocked, id=27452, stack(0x0000009a13400000,0x0000009a13500000)]
  0x0000025930df7ca0 JavaThread "Sweeper thread" daemon [_thread_blocked, id=11172, stack(0x0000009a13500000,0x0000009a13600000)]
  0x0000025935095450 JavaThread "Notification Thread" daemon [_thread_blocked, id=13668, stack(0x0000009a13600000,0x0000009a13700000)]
  0x00000259350a0230 JavaThread "Common-Cleaner" daemon [_thread_blocked, id=22120, stack(0x0000009a13800000,0x0000009a13900000)]
  0x0000025935315300 JavaThread "pool-1-thread-1" [_thread_blocked, id=28928, stack(0x0000009a13e00000,0x0000009a13f00000)]

Other Threads:
  0x0000025930dd5f80 VMThread "VM Thread" [stack: 0x0000009a12c00000,0x0000009a12d00000] [id=20616]
  0x000002593509ddc0 WatcherThread "VM Periodic Task Thread" [stack: 0x0000009a13700000,0x0000009a13800000] [id=15740]
  0x0000025915035a40 WorkerThread "GC Thread#0" [stack: 0x0000009a12700000,0x0000009a12800000] [id=24380]
  0x00000259351f80e0 WorkerThread "GC Thread#1" [stack: 0x0000009a13900000,0x0000009a13a00000] [id=8708]
  0x0000025935981930 WorkerThread "GC Thread#2" [stack: 0x0000009a13a00000,0x0000009a13b00000] [id=25812]
  0x00000259359ae160 WorkerThread "GC Thread#3" [stack: 0x0000009a13b00000,0x0000009a13c00000] [id=23592]
  0x00000259359af240 WorkerThread "GC Thread#4" [stack: 0x0000009a13c00000,0x0000009a13d00000] [id=16920]
  0x00000259359af510 WorkerThread "GC Thread#5" [stack: 0x0000009a13d00000,0x0000009a13e00000] [id=20944]
  0x00000259150371a0 ConcurrentGCThread "G1 Main Marker" [stack: 0x0000009a12800000,0x0000009a12900000] [id=23932]
  0x0000025915037d70 WorkerThread "G1 Conc#0" [stack: 0x0000009a12900000,0x0000009a12a00000] [id=4104]
  0x00000259150c62b0 ConcurrentGCThread "G1 Refine#0" [stack: 0x0000009a12a00000,0x0000009a12b00000] [id=14044]
  0x00000259150c6df0 ConcurrentGCThread "G1 Service" [stack: 0x0000009a12b00000,0x0000009a12c00000] [id=9060]

Threads with active compile tasks:
C2 CompilerThread0     2205 1233 %     4       sun.security.provider.SHA::implCompress0 @ 27 (506 bytes)

VM state: not at safepoint (normal execution)

VM Mutex/Monitor currently owned by a thread: None

Heap address: 0x00000000fc000000, size: 64 MB, Compressed Oops mode: 32-bit

CDS archive(s) mapped at: [0x0000000800000000-0x0000000800c40000-0x0000000800c40000), size 12845056, SharedBaseAddress: 0x0000000800000000, ArchiveRelocationMode: 0.
Compressed class space mapped at: 0x0000000801000000-0x0000000841000000, reserved size: 1073741824
Narrow klass base: 0x0000000800000000, Narrow klass shift: 0, Narrow klass range: 0x100000000

GC Precious Log:
 CardTable entry size: 512
 Card Set container configuration: InlinePtr #cards 5 size 8 Array Of Cards #cards 12 size 40 Howl #buckets 4 coarsen threshold 1843 Howl Bitmap #cards 512 size 80 coarsen threshold 460 Card regions per heap region 1 cards per card region 2048
 CPUs: 8 total, 8 available
 Memory: 16215M
 Large Page Support: Disabled
 NUMA Support: Disabled
 Compressed Oops: Enabled (32-bit)
 Heap Region Size: 1M
 Heap Min Capacity: 64M
 Heap Initial Capacity: 64M
 Heap Max Capacity: 64M
 Pre-touch: Disabled
 Parallel Workers: 8
 Concurrent Workers: 2
 Concurrent Refinement Workers: 8
 Periodic GC: Disabled

Heap:
 garbage-first heap   total 65536K, used 20512K [0x00000000fc000000, 0x0000000100000000)
  region size 1024K, 14 young (14336K), 3 survivors (3072K)
 Metaspace       used 6915K, committed 7232K, reserved 1114112K
  class space    used 928K, committed 1088K, reserved 1048576K

Heap Regions: E=young(eden), S=young(survivor), O=old, HS=humongous(starts), HC=humongous(continues), CS=collection set, F=free, OA=open archive, CA=closed archive, TAMS=top-at-mark-start (previous, next)
|   0|0x00000000fc000000, 0x00000000fc100000, 0x00000000fc100000|100%|HS|  |TAMS 0x00000000fc000000, 0x00000000fc000000| Complete 
|   1|0x00000000fc100000, 0x00000000fc200000, 0x00000000fc200000|100%|HC|  |TAMS 0x00000000fc100000, 0x00000000fc100000| Complete 
|   2|0x00000000fc200000, 0x00000000fc300000, 0x00000000fc300000|100%|HC|  |TAMS 0x00000000fc200000, 0x00000000fc200000| Complete 
|   3|0x00000000fc300000, 0x00000000fc400000, 0x00000000fc400000|100%|HC|  |TAMS 0x00000000fc300000, 0x00000000fc300000| Complete 
|   4|0x00000000fc400000, 0x00000000fc500000, 0x00000000fc500000|100%| O|  |TAMS 0x00000000fc400000, 0x00000000fc400000| Untracked 
|   5|0x00000000fc500000, 0x00000000fc600000, 0x00000000fc600000|100%| O|  |TAMS 0x00000000fc500000, 0x00000000fc500000| Untracked 
|   6|0x00000000fc600000, 0x00000000fc700000, 0x00000000fc700000|100%| O|  |TAMS 0x00000000fc600000, 0x00000000fc600000| Untracked 
|   7|0x00000000fc700000, 0x00000000fc708000, 0x00000000fc800000|  3%| O|  |TAMS 0x00000000fc700000, 0x00000000fc700000| Untracked 
|   8|0x00000000fc800000, 0x00000000fc800000, 0x00000000fc900000|  0%| F|  |TAMS 0x00000000fc800000, 0x00000000fc800000| Untracked 
|   9|0x00000000fc900000, 0x00000000fc900000, 0x00000000fca00000|  0%| F|  |TAMS 0x00000000fc900000, 0x00000000fc900000| Untracked 
|  10|0x00000000fca00000, 0x00000000fca00000, 0x00000000fcb00000|  0%| F|  |TAMS 0x00000000fca00000, 0x00000000fca00000| Untracked 
|  11|0x00000000fcb00000, 0x00000000fcb00000, 0x00000000fcc00000|  0%| F|  |TAMS 0x00000000fcb00000, 0x00000000fcb00000| Untracked 
|  12|0x00000000fcc00000, 0x00000000fcc00000, 0x00000000fcd00000|  0%| F|  |TAMS 0x00000000fcc00000, 0x00000000fcc00000| Untracked 
|  13|0x00000000fcd00000, 0x00000000fcd00000, 0x00000000fce00000|  0%| F|  |TAMS 0x00000000fcd00000, 0x00000000fcd00000| Untracked 
|  14|0x00000000fce00000, 0x00000000fce00000, 0x00000000fcf00000|  0%| F|  |TAMS 0x00000000fce00000, 0x00000000fce00000| Untracked 
|  15|0x00000000fcf00000, 0x00000000fcf00000, 0x00000000fd000000|  0%| F|  |TAMS 0x00000000fcf00000, 0x00000000fcf00000| Untracked 
|  16|0x00000000fd000000, 0x00000000fd000000, 0x00000000fd100000|  0%| F|  |TAMS 0x00000000fd000000, 0x00000000fd000000| Untracked 
|  17|0x00000000fd100000, 0x00000000fd100000, 0x00000000fd200000|  0%| F|  |TAMS 0x00000000fd100000, 0x00000000fd100000| Untracked 
|  18|0x00000000fd200000, 0x00000000fd200000, 0x00000000fd300000|  0%| F|  |TAMS 0x00000000fd200000, 0x00000000fd200000| Untracked 
|  19|0x00000000fd300000, 0x00000000fd300000, 0x00000000fd400000|  0%| F|  |TAMS 0x00000000fd300000, 0x00000000fd300000| Untracked 
|  20|0x00000000fd400000, 0x00000000fd400000, 0x00000000fd500000|  0%| F|  |TAMS 0x00000000fd400000, 0x00000000fd400000| Untracked 
|  21|0x00000000fd500000, 0x00000000fd500000, 0x00000000fd600000|  0%| F|  |TAMS 0x00000000fd500000, 0x00000000fd500000| Untracked 
|  22|0x00000000fd600000, 0x00000000fd600000, 0x00000000fd700000|  0%| F|  |TAMS 0x00000000fd600000, 0x00000000fd600000| Untracked 
|  23|0x00000000fd700000, 0x00000000fd700000, 0x00000000fd800000|  0%| F|  |TAMS 0x00000000fd700000, 0x00000000fd700000| Untracked 
|  24|0x00000000fd800000, 0x00000000fd800000, 0x00000000fd900000|  0%| F|  |TAMS 0x00000000fd800000, 0x00000000fd800000| Untracked 
|  25|0x00000000fd900000, 0x00000000fd900000, 0x00000000fda00000|  0%| F|  |TAMS 0x00000000fd900000, 0x00000000fd900000| Untracked 
|  26|0x00000000fda00000, 0x00000000fda00000, 0x00000000fdb00000|  0%| F|  |TAMS 0x00000000fda00000, 0x00000000fda00000| Untracked 
|  27|0x00000000fdb00000, 0x00000000fdb00000, 0x00000000fdc00000|  0%| F|  |TAMS 0x00000000fdb00000, 0x00000000fdb00000| Untracked 
|  28|0x00000000fdc00000, 0x00000000fdc00000, 0x00000000fdd00000|  0%| F|  |TAMS 0x00000000fdc00000, 0x00000000fdc00000| Untracked 
|  29|0x00000000fdd00000, 0x00000000fdd00000, 0x00000000fde00000|  0%| F|  |TAMS 0x00000000fdd00000, 0x00000000fdd00000| Untracked 
|  30|0x00000000fde00000, 0x00000000fde00000, 0x00000000fdf00000|  0%| F|  |TAMS 0x00000000fde00000, 0x00000000fde00000| Untracked 
|  31|0x00000000fdf00000, 0x00000000fdf00000, 0x00000000fe000000|  0%| F|  |TAMS 0x00000000fdf00000, 0x00000000fdf00000| Untracked 
|  32|0x00000000fe000000, 0x00000000fe000000, 0x00000000fe100000|  0%| F|  |TAMS 0x00000000fe000000, 0x00000000fe000000| Untracked 
|  33|0x00000000fe100000, 0x00000000fe100000, 0x00000000fe200000|  0%| F|  |TAMS 0x00000000fe100000, 0x00000000fe100000| Untracked 
|  34|0x00000000fe200000, 0x00000000fe200000, 0x00000000fe300000|  0%| F|  |TAMS 0x00000000fe200000, 0x00000000fe200000| Untracked 
|  35|0x00000000fe300000, 0x00000000fe300000, 0x00000000fe400000|  0%| F|  |TAMS 0x00000000fe300000, 0x00000000fe300000| Untracked 
|  36|0x00000000fe400000, 0x00000000fe400000, 0x00000000fe500000|  0%| F|  |TAMS 0x00000000fe400000, 0x00000000fe400000| Untracked 
|  37|0x00000000fe500000, 0x00000000fe500000, 0x00000000fe600000|  0%| F|  |TAMS 0x00000000fe500000, 0x00000000fe500000| Untracked 
|  38|0x00000000fe600000, 0x00000000fe700000, 0x00000000fe700000|100%| S|CS|TAMS 0x00000000fe600000, 0x00000000fe600000| Complete 
|  39|0x00000000fe700000, 0x00000000fe800000, 0x00000000fe800000|100%| S|CS|TAMS 0x00000000fe700000, 0x00000000fe700000| Complete 
|  40|0x00000000fe800000, 0x00000000fe900000, 0x00000000fe900000|100%| S|CS|TAMS 0x00000000fe800000, 0x00000000fe800000| Complete 
|  41|0x00000000fe900000, 0x00000000fe900000, 0x00000000fea00000|  0%| F|  |TAMS 0x00000000fe900000, 0x00000000fe900000| Untracked 
|  42|0x00000000fea00000, 0x00000000fea00000, 0x00000000feb00000|  0%| F|  |TAMS 0x00000000fea00000, 0x00000000fea00000| Untracked 
|  43|0x00000000feb00000, 0x00000000feb00000, 0x00000000fec00000|  0%| F|  |TAMS 0x00000000feb00000, 0x00000000feb00000| Untracked 
|  44|0x00000000fec00000, 0x00000000fec00000, 0x00000000fed00000|  0%| F|  |TAMS 0x00000000fec00000, 0x00000000fec00000| Untracked 
|  45|0x00000000fed00000, 0x00000000fed00000, 0x00000000fee00000|  0%| F|  |TAMS 0x00000000fed00000, 0x00000000fed00000| Untracked 
|  46|0x00000000fee00000, 0x00000000fee00000, 0x00000000fef00000|  0%| F|  |TAMS 0x00000000fee00000, 0x00000000fee00000| Untracked 
|  47|0x00000000fef00000, 0x00000000fef00000, 0x00000000ff000000|  0%| F|  |TAMS 0x00000000fef00000, 0x00000000fef00000| Untracked 
|  48|0x00000000ff000000, 0x00000000ff000000, 0x00000000ff100000|  0%| F|  |TAMS 0x00000000ff000000, 0x00000000ff000000| Untracked 
|  49|0x00000000ff100000, 0x00000000ff100000, 0x00000000ff200000|  0%| F|  |TAMS 0x00000000ff100000, 0x00000000ff100000| Untracked 
|  50|0x00000000ff200000, 0x00000000ff200000, 0x00000000ff300000|  0%| F|  |TAMS 0x00000000ff200000, 0x00000000ff200000| Untracked 
|  51|0x00000000ff300000, 0x00000000ff300000, 0x00000000ff400000|  0%| F|  |TAMS 0x00000000ff300000, 0x00000000ff300000| Untracked 
|  52|0x00000000ff400000, 0x00000000ff400000, 0x00000000ff500000|  0%| F|  |TAMS 0x00000000ff400000, 0x00000000ff400000| Untracked 
|  53|0x00000000ff500000, 0x00000000ff566e78, 0x00000000ff600000| 40%| E|  |TAMS 0x00000000ff500000, 0x00000000ff500000| Complete 
|  54|0x00000000ff600000, 0x00000000ff700000, 0x00000000ff700000|100%| E|CS|TAMS 0x00000000ff600000, 0x00000000ff600000| Complete 
|  55|0x00000000ff700000, 0x00000000ff800000, 0x00000000ff800000|100%| E|CS|TAMS 0x00000000ff700000, 0x00000000ff700000| Complete 
|  56|0x00000000ff800000, 0x00000000ff900000, 0x00000000ff900000|100%| E|CS|TAMS 0x00000000ff800000, 0x00000000ff800000| Complete 
|  57|0x00000000ff900000, 0x00000000ffa00000, 0x00000000ffa00000|100%| E|CS|TAMS 0x00000000ff900000, 0x00000000ff900000| Complete 
|  58|0x00000000ffa00000, 0x00000000ffb00000, 0x00000000ffb00000|100%| E|CS|TAMS 0x00000000ffa00000, 0x00000000ffa00000| Complete 
|  59|0x00000000ffb00000, 0x00000000ffc00000, 0x00000000ffc00000|100%| E|CS|TAMS 0x00000000ffb00000, 0x00000000ffb00000| Complete 
|  60|0x00000000ffc00000, 0x00000000ffd00000, 0x00000000ffd00000|100%| E|CS|TAMS 0x00000000ffc00000, 0x00000000ffc00000| Complete 
|  61|0x00000000ffd00000, 0x00000000ffe00000, 0x00000000ffe00000|100%| E|CS|TAMS 0x00000000ffd00000, 0x00000000ffd00000| Complete 
|  62|0x00000000ffe00000, 0x00000000fff00000, 0x00000000fff00000|100%| E|CS|TAMS 0x00000000ffe00000, 0x00000000ffe00000| Complete 
|  63|0x00000000fff00000, 0x0000000100000000, 0x0000000100000000|100%| E|CS|TAMS 0x00000000fff00000, 0x00000000fff00000| Complete 

Card table byte_map: [0x000002592e1d0000,0x000002592e1f0000] _byte_map_base: 0x000002592d9f0000

Marking Bits (Prev, Next): (CMBitMap*) 0x0000025915036070, (CMBitMap*) 0x00000259150360b0
 Prev Bits: [0x000002592e210000, 0x000002592e310000)
 Next Bits: [0x000002592e310000, 0x000002592e410000)

Polling page: 0x00000259150d0000

Metaspace:

Usage:
  Non-class:      5.85 MB used.
      Class:    928.15 KB used.
       Both:      6.75 MB used.

Virtual space:
  Non-class space:       64.00 MB reserved,       6.00 MB (  9%) committed,  1 nodes.
      Class space:        1.00 GB reserved,       1.06 MB ( <1%) committed,  1 nodes.
             Both:        1.06 GB reserved,       7.06 MB ( <1%) committed. 

Chunk freelists:
   Non-Class:  872.00 KB
       Class:  2.98 MB
        Both:  3.83 MB

MaxMetaspaceSize: unlimited
CompressedClassSpaceSize: 1.00 GB
Initial GC threshold: 21.00 MB
Current GC threshold: 21.00 MB
CDS: on
MetaspaceReclaimPolicy: balanced
 - commit_granule_bytes: 65536.
 - commit_granule_words: 8192.
 - virtual_space_node_default_size: 8388608.
 - enlarge_chunks_in_place: 1.
 - new_chunks_are_fully_committed: 0.
 - uncommit_free_chunks: 1.
 - use_allocation_guard: 0.


Internal statistics:

num_allocs_failed_limit: 0.
num_arena_births: 192.
num_arena_deaths: 0.
num_vsnodes_births: 2.
num_vsnodes_deaths: 0.
num_space_committed: 113.
num_space_uncommitted: 0.
num_chunks_returned_to_freelist: 0.
num_chunks_taken_from_freelist: 391.
num_chunk_merges: 0.
num_chunk_splits: 256.
num_chunks_enlarged: 186.
num_inconsistent_stats: 0.

CodeHeap 'non-profiled nmethods': size=120000Kb used=414Kb max_used=414Kb free=119585Kb
 bounds [0x0000025926200000, 0x0000025926470000, 0x000002592d730000]
CodeHeap 'profiled nmethods': size=120000Kb used=2330Kb max_used=2330Kb free=117669Kb
 bounds [0x000002591e730000, 0x000002591e9a0000, 0x0000025925c60000]
CodeHeap 'non-nmethods': size=5760Kb used=1246Kb max_used=1261Kb free=4513Kb
 bounds [0x0000025925c60000, 0x0000025925ed0000, 0x0000025926200000]
 total_blobs=1694 nmethods=1238 adapters=367
 compilation: enabled
              stopped_count=0, restarted_count=0
 full_count=0

Compilation events (20 events):
Event: 2.157 Thread 0x0000025930df5180 nmethod 1225 0x000002591e96cd90 code [0x000002591e96cfa0, 0x000002591e96d598]
Event: 2.157 Thread 0x0000025930df5180 1226       3       java.lang.StringCoding::hasNegatives (16 bytes)
Event: 2.157 Thread 0x0000025930df5180 nmethod 1226 0x000002591e96d810 code [0x000002591e96d9c0, 0x000002591e96db48]
Event: 2.157 Thread 0x0000025930df5180 1228       3       sun.security.provider.ByteArrayAccess::b2iBig64 (231 bytes)
Event: 2.159 Thread 0x0000025930df5180 nmethod 1228 0x000002591e96dc10 code [0x000002591e96e480, 0x000002591e972ff8]
Event: 2.160 Thread 0x0000025930df4670 1229       4       jdk.internal.misc.Unsafe::getIntUnaligned (12 bytes)
Event: 2.161 Thread 0x0000025930df4670 nmethod 1229 0x0000025926267110 code [0x00000259262672a0, 0x0000025926267358]
Event: 2.162 Thread 0x0000025930df5180 1230       3       sun.nio.fs.WindowsDirectoryStream$WindowsDirectoryIterator::next (5 bytes)
Event: 2.163 Thread 0x0000025930df5180 nmethod 1230 0x000002591e974490 code [0x000002591e974640, 0x000002591e974788]
Event: 2.163 Thread 0x0000025930df5180 1231  s    3       sun.nio.fs.WindowsDirectoryStream$WindowsDirectoryIterator::next (48 bytes)
Event: 2.163 Thread 0x0000025930df5180 nmethod 1231 0x000002591e974810 code [0x000002591e9749e0, 0x000002591e974d98]
Event: 2.175 Thread 0x0000025930df5180 1232       1       java.util.concurrent.atomic.AtomicLong::get (5 bytes)
Event: 2.176 Thread 0x0000025930df5180 nmethod 1232 0x0000025926267410 code [0x00000259262675a0, 0x0000025926267678]
Event: 2.178 Thread 0x0000025930df4670 1233 %     4       sun.security.provider.SHA::implCompress0 @ 27 (506 bytes)
Event: 2.181 Thread 0x0000025930df5180 1234       3       java.util.concurrent.atomic.AtomicLong::compareAndSet (13 bytes)
Event: 2.182 Thread 0x0000025930df5180 nmethod 1234 0x000002591e974e90 code [0x000002591e975020, 0x000002591e975158]
Event: 2.182 Thread 0x0000025930df5180 1235       3       java.util.Random::nextBoolean (14 bytes)
Event: 2.182 Thread 0x0000025930df5180 nmethod 1235 0x000002591e975210 code [0x000002591e9753c0, 0x000002591e9755e8]
Event: 2.182 Thread 0x0000025930df5180 1236       3       java.util.Random::next (47 bytes)
Event: 2.182 Thread 0x0000025930df5180 nmethod 1236 0x000002591e975690 code [0x000002591e975840, 0x000002591e975ac8]

GC Heap History (2 events):
Event: 1.545 GC heap before
{Heap before GC invocations=0 (full 0):
 garbage-first heap   total 65536K, used 26624K [0x00000000fc000000, 0x0000000100000000)
  region size 1024K, 23 young (23552K), 0 survivors (0K)
 Metaspace       used 4081K, committed 4224K, reserved 1114112K
  class space    used 508K, committed 576K, reserved 1048576K
}
Event: 1.552 GC heap after
{Heap after GC invocations=1 (full 0):
 garbage-first heap   total 65536K, used 10272K [0x00000000fc000000, 0x0000000100000000)
  region size 1024K, 3 young (3072K), 3 survivors (3072K)
 Metaspace       used 4081K, committed 4224K, reserved 1114112K
  class space    used 508K, committed 576K, reserved 1048576K
}

Dll operation events (10 events):
Event: 0.006 Loaded shared library C:\Program Files\Java\jdk-19\bin\java.dll
Event: 0.036 Loaded shared library C:\Program Files\Java\jdk-19\bin\jsvml.dll
Event: 0.207 Loaded shared library C:\Program Files\Java\jdk-19\bin\net.dll
Event: 0.211 Loaded shared library C:\Program Files\Java\jdk-19\bin\nio.dll
Event: 0.220 Loaded shared library C:\Program Files\Java\jdk-19\bin\zip.dll
Event: 1.041 Loaded shared library C:\Program Files\Java\jdk-19\bin\jimage.dll
Event: 1.146 Loaded shared library C:\Program Files\Java\jdk-19\bin\verify.dll
Event: 1.510 Loaded shared library C:\Users\Phong Vu\.gradle\native\68d5fa5c4cc2d200863cafc0d521ce42e7d3e7ee720ec0a83991735586a16f82\windows-amd64\native-platform.dll
Event: 1.776 Loaded shared library C:\Program Files\Java\jdk-19\bin\management.dll
Event: 1.780 Loaded shared library C:\Program Files\Java\jdk-19\bin\management_ext.dll

Deoptimization events (20 events):
Event: 1.770 Thread 0x0000025915010a10 Uncommon trap: trap_request=0xffffffde fr.pc=0x000002592625bfc8 relative=0x0000000000000128
Event: 1.770 Thread 0x0000025915010a10 Uncommon trap: reason=class_check action=maybe_recompile pc=0x000002592625bfc8 method=jdk.internal.misc.Unsafe.allocateUninitializedArray(Ljava/lang/Class;I)Ljava/lang/Object; @ 51 c2
Event: 1.770 Thread 0x0000025915010a10 DEOPT PACKING pc=0x000002592625bfc8 sp=0x0000009a126fcea0
Event: 1.770 Thread 0x0000025915010a10 DEOPT UNPACKING pc=0x0000025925cc6da3 sp=0x0000009a126fce28 mode 2
Event: 1.770 Thread 0x0000025915010a10 Uncommon trap: trap_request=0xffffffde fr.pc=0x000002592625bfc8 relative=0x0000000000000128
Event: 1.770 Thread 0x0000025915010a10 Uncommon trap: reason=class_check action=maybe_recompile pc=0x000002592625bfc8 method=jdk.internal.misc.Unsafe.allocateUninitializedArray(Ljava/lang/Class;I)Ljava/lang/Object; @ 51 c2
Event: 1.770 Thread 0x0000025915010a10 DEOPT PACKING pc=0x000002592625bfc8 sp=0x0000009a126fcf40
Event: 1.770 Thread 0x0000025915010a10 DEOPT UNPACKING pc=0x0000025925cc6da3 sp=0x0000009a126fcec8 mode 2
Event: 1.790 Thread 0x0000025915010a10 Uncommon trap: trap_request=0xffffff45 fr.pc=0x000002592622a2ec relative=0x000000000000084c
Event: 1.790 Thread 0x0000025915010a10 Uncommon trap: reason=unstable_if action=reinterpret pc=0x000002592622a2ec method=java.util.HashMap.putVal(ILjava/lang/Object;Ljava/lang/Object;ZZ)Ljava/lang/Object; @ 236 c2
Event: 1.790 Thread 0x0000025915010a10 DEOPT PACKING pc=0x000002592622a2ec sp=0x0000009a126fd300
Event: 1.790 Thread 0x0000025915010a10 DEOPT UNPACKING pc=0x0000025925cc6da3 sp=0x0000009a126fd2b8 mode 2
Event: 1.888 Thread 0x0000025915010a10 DEOPT PACKING pc=0x000002591e7e51e5 sp=0x0000009a126fbbd0
Event: 1.888 Thread 0x0000025915010a10 DEOPT UNPACKING pc=0x0000025925cc7543 sp=0x0000009a126fb020 mode 0
Event: 1.951 Thread 0x0000025915010a10 DEOPT PACKING pc=0x000002591e82dda1 sp=0x0000009a126fb660
Event: 1.951 Thread 0x0000025915010a10 DEOPT UNPACKING pc=0x0000025925cc7543 sp=0x0000009a126fab68 mode 0
Event: 2.145 Thread 0x0000025915010a10 Uncommon trap: trap_request=0xffffff45 fr.pc=0x000002592624a648 relative=0x00000000000016e8
Event: 2.145 Thread 0x0000025915010a10 Uncommon trap: reason=unstable_if action=reinterpret pc=0x000002592624a648 method=java.io.WinNTFileSystem.normalize(Ljava/lang/String;)Ljava/lang/String; @ 128 c2
Event: 2.145 Thread 0x0000025915010a10 DEOPT PACKING pc=0x000002592624a648 sp=0x0000009a126fce00
Event: 2.145 Thread 0x0000025915010a10 DEOPT UNPACKING pc=0x0000025925cc6da3 sp=0x0000009a126fcdd8 mode 2

Classes loaded (20 events):
Event: 2.086 Loading class sun/security/provider/SeedGenerator$1
Event: 2.086 Loading class sun/security/provider/SeedGenerator$1 done
Event: 2.086 Loading class sun/security/provider/ByteArrayAccess$BE
Event: 2.086 Loading class sun/security/provider/ByteArrayAccess$BE done
Event: 2.116 Loading class java/net/NetworkInterface$1
Event: 2.116 Loading class java/net/NetworkInterface$1 done
Event: 2.145 Loading class java/nio/file/Files$AcceptAllFilter
Event: 2.145 Loading class java/nio/file/DirectoryStream$Filter
Event: 2.145 Loading class java/nio/file/DirectoryStream$Filter done
Event: 2.145 Loading class java/nio/file/Files$AcceptAllFilter done
Event: 2.145 Loading class sun/nio/fs/WindowsDirectoryStream
Event: 2.146 Loading class java/nio/file/DirectoryStream
Event: 2.146 Loading class java/nio/file/DirectoryStream done
Event: 2.146 Loading class sun/nio/fs/WindowsDirectoryStream done
Event: 2.146 Loading class sun/nio/fs/WindowsDirectoryStream$WindowsDirectoryIterator
Event: 2.146 Loading class sun/nio/fs/WindowsDirectoryStream$WindowsDirectoryIterator done
Event: 2.147 Loading class sun/nio/fs/WindowsPath$WindowsPathWithAttributes
Event: 2.147 Loading class sun/nio/fs/BasicFileAttributesHolder
Event: 2.147 Loading class sun/nio/fs/BasicFileAttributesHolder done
Event: 2.147 Loading class sun/nio/fs/WindowsPath$WindowsPathWithAttributes done

Classes unloaded (0 events):
No events

Classes redefined (0 events):
No events

Internal exceptions (18 events):
Event: 0.509 Thread 0x0000025915010a10 Exception <a 'java/lang/NoSuchMethodError'{0x00000000ffc1f910}: 'void java.lang.invoke.DirectMethodHandle$Holder.invokeStatic(java.lang.Object, java.lang.Object)'> (0x00000000ffc1f910) 
thrown [s\open\src\hotspot\share\interpreter\linkResolver.cpp, line 774]
Event: 0.510 Thread 0x0000025915010a10 Exception <a 'java/lang/NoSuchMethodError'{0x00000000ffc23748}: 'void java.lang.invoke.DirectMethodHandle$Holder.invokeSpecial(java.lang.Object, java.lang.Object, java.lang.Object)'> (0x00000000ffc23748) 
thrown [s\open\src\hotspot\share\interpreter\linkResolver.cpp, line 774]
Event: 0.559 Thread 0x0000025915010a10 Exception <a 'java/lang/NoSuchMethodError'{0x00000000ffcb7b20}: 'void java.lang.invoke.DirectMethodHandle$Holder.invokeStatic(java.lang.Object, java.lang.Object, java.lang.Object)'> (0x00000000ffcb7b20) 
thrown [s\open\src\hotspot\share\interpreter\linkResolver.cpp, line 774]
Event: 0.575 Thread 0x0000025915010a10 Exception <a 'java/lang/NoSuchMethodError'{0x00000000ffccb008}: 'java.lang.Object java.lang.invoke.Invokers$Holder.invokeExact_MT(java.lang.Object, java.lang.Object, java.lang.Object, java.lang.Object, java.lang.Object)'> (0x00000000ffccb008) 
thrown [s\open\src\hotspot\share\interpreter\linkResolver.cpp, line 774]
Event: 0.604 Thread 0x0000025915010a10 Exception <a 'java/lang/NoSuchMethodError'{0x00000000ffcf9f48}: 'int java.lang.invoke.DirectMethodHandle$Holder.invokeStaticInit(java.lang.Object, java.lang.Object)'> (0x00000000ffcf9f48) 
thrown [s\open\src\hotspot\share\interpreter\linkResolver.cpp, line 774]
Event: 1.435 Thread 0x0000025915010a10 Exception <a 'java/lang/NoClassDefFoundError'{0x00000000fea37ef0}: org/slf4j/impl/StaticMarkerBinder> (0x00000000fea37ef0) 
thrown [s\open\src\hotspot\share\classfile\systemDictionary.cpp, line 244]
Event: 1.468 Thread 0x0000025915010a10 Exception <a 'java/lang/NoSuchMethodError'{0x00000000feac1520}: 'java.lang.Object java.lang.invoke.DirectMethodHandle$Holder.invokeVirtual(java.lang.Object, java.lang.Object, java.lang.Object, java.lang.Object, java.lang.Object, java.lang.Object, java.lang.Object)'> (0x00000000feac1520) 
thrown [s\open\src\hotspot\share\interpreter\linkResolver.cpp, line 774]
Event: 1.477 Thread 0x0000025915010a10 Exception <a 'java/lang/NoSuchMethodError'{0x00000000fead5490}: 'java.lang.Object java.lang.invoke.DirectMethodHandle$Holder.invokeStatic(java.lang.Object, java.lang.Object, int)'> (0x00000000fead5490) 
thrown [s\open\src\hotspot\share\interpreter\linkResolver.cpp, line 774]
Event: 1.484 Thread 0x0000025915010a10 Exception <a 'java/lang/NoSuchMethodError'{0x00000000feae11b8}: 'void java.lang.invoke.DelegatingMethodHandle$Holder.delegate(java.lang.Object, java.lang.Object, int, java.lang.Object)'> (0x00000000feae11b8) 
thrown [s\open\src\hotspot\share\interpreter\linkResolver.cpp, line 774]
Event: 1.485 Thread 0x0000025915010a10 Exception <a 'java/lang/NoSuchMethodError'{0x00000000feae5318}: 'int java.lang.invoke.DirectMethodHandle$Holder.invokeSpecial(java.lang.Object, java.lang.Object, java.lang.Object)'> (0x00000000feae5318) 
thrown [s\open\src\hotspot\share\interpreter\linkResolver.cpp, line 774]
Event: 1.526 Thread 0x0000025915010a10 Exception <a 'java/lang/NoSuchMethodError'{0x00000000fe97f7e0}: 'java.lang.Object java.lang.invoke.DirectMethodHandle$Holder.invokeVirtual(java.lang.Object, java.lang.Object, java.lang.Object)'> (0x00000000fe97f7e0) 
thrown [s\open\src\hotspot\share\interpreter\linkResolver.cpp, line 774]
Event: 1.689 Thread 0x0000025915010a10 Exception <a 'java/lang/NoSuchMethodError'{0x00000000ffd1bf90}: 'java.lang.Object java.lang.invoke.DirectMethodHandle$Holder.invokeVirtual(java.lang.Object, java.lang.Object, java.lang.Object, java.lang.Object)'> (0x00000000ffd1bf90) 
thrown [s\open\src\hotspot\share\interpreter\linkResolver.cpp, line 774]
Event: 1.705 Thread 0x0000025915010a10 Exception <a 'java/lang/NoSuchMethodError'{0x00000000ffd8bb80}: 'java.lang.Object java.lang.invoke.DirectMethodHandle$Holder.invokeVirtual(java.lang.Object, java.lang.Object, java.lang.Object, java.lang.Object, java.lang.Object, java.lang.Object)'> (0x00000000ffd8bb80) 
thrown [s\open\src\hotspot\share\interpreter\linkResolver.cpp, line 774]
Event: 1.774 Thread 0x0000025915010a10 Exception <a 'java/lang/NoSuchMethodError'{0x00000000ffbd3f68}: 'java.lang.Object java.lang.invoke.DirectMethodHandle$Holder.invokeStaticInit(java.lang.Object)'> (0x00000000ffbd3f68) 
thrown [s\open\src\hotspot\share\interpreter\linkResolver.cpp, line 774]
Event: 1.830 Thread 0x0000025915010a10 Exception <a 'java/lang/NoSuchMethodError'{0x00000000ff932808}: 'java.lang.Object java.lang.invoke.DirectMethodHandle$Holder.invokeVirtual(java.lang.Object, java.lang.Object, java.lang.Object, java.lang.Object, java.lang.Object)'> (0x00000000ff932808) 
thrown [s\open\src\hotspot\share\interpreter\linkResolver.cpp, line 774]
Event: 1.835 Thread 0x0000025915010a10 Exception <a 'java/lang/NoSuchMethodError'{0x00000000ff946c48}: 'java.lang.Object java.lang.invoke.Invokers$Holder.invokeExact_MT(java.lang.Object, java.lang.Object, java.lang.Object, java.lang.Object, java.lang.Object, java.lang.Object)'> (0x00000000ff946c48) 
thrown [s\open\src\hotspot\share\interpreter\linkResolver.cpp, line 774]
Event: 1.969 Thread 0x0000025915010a10 Exception <a 'java/lang/NoSuchMethodError'{0x00000000ff8dcc90}: 'java.lang.Object java.lang.invoke.DirectMethodHandle$Holder.invokeVirtual(java.lang.Object, java.lang.Object, java.lang.Object, java.lang.Object, java.lang.Object, java.lang.Object, java.lang.Object, java.lang.Object)'> (0x00000000ff8dcc90) 
thrown [s\open\src\hotspot\share\interpreter\linkResolver.cpp, line 774]
Event: 2.076 Thread 0x0000025915010a10 Exception <a 'java/lang/NoSuchMethodError'{0x00000000ff63b990}: 'java.lang.Object java.lang.invoke.DirectMethodHandle$Holder.invokeStaticInit(java.lang.Object, int, int, int, int)'> (0x00000000ff63b990) 
thrown [s\open\src\hotspot\share\interpreter\linkResolver.cpp, line 774]

VM Operations (20 events):
Event: 0.222 Executing VM operation: HandshakeAllThreads
Event: 0.222 Executing VM operation: HandshakeAllThreads done
Event: 1.237 Executing VM operation: Cleanup
Event: 1.238 Executing VM operation: Cleanup done
Event: 1.290 Executing VM operation: HandshakeAllThreads
Event: 1.290 Executing VM operation: HandshakeAllThreads done
Event: 1.428 Executing VM operation: HandshakeAllThreads
Event: 1.428 Executing VM operation: HandshakeAllThreads done
Event: 1.429 Executing VM operation: HandshakeAllThreads
Event: 1.429 Executing VM operation: HandshakeAllThreads done
Event: 1.474 Executing VM operation: HandshakeAllThreads
Event: 1.474 Executing VM operation: HandshakeAllThreads done
Event: 1.545 Executing VM operation: G1CollectForAllocation
Event: 1.552 Executing VM operation: G1CollectForAllocation done
Event: 1.674 Executing VM operation: HandshakeAllThreads
Event: 1.674 Executing VM operation: HandshakeAllThreads done
Event: 1.906 Executing VM operation: HandshakeAllThreads
Event: 1.906 Executing VM operation: HandshakeAllThreads done
Event: 2.147 Executing VM operation: HandshakeAllThreads
Event: 2.147 Executing VM operation: HandshakeAllThreads done

Events (13 events):
Event: 0.036 Thread 0x0000025915010a10 Thread added: 0x0000025915010a10
Event: 0.070 Thread 0x0000025930deeeb0 Thread added: 0x0000025930deeeb0
Event: 0.071 Thread 0x0000025930defe40 Thread added: 0x0000025930defe40
Event: 0.071 Thread 0x0000025930df0b30 Thread added: 0x0000025930df0b30
Event: 0.071 Thread 0x0000025930df2470 Thread added: 0x0000025930df2470
Event: 0.071 Thread 0x0000025930df2da0 Thread added: 0x0000025930df2da0
Event: 0.071 Thread 0x0000025930df3a10 Thread added: 0x0000025930df3a10
Event: 0.071 Thread 0x0000025930df4670 Thread added: 0x0000025930df4670
Event: 0.072 Thread 0x0000025930df5180 Thread added: 0x0000025930df5180
Event: 0.072 Thread 0x0000025930df7ca0 Thread added: 0x0000025930df7ca0
Event: 0.143 Thread 0x0000025935095450 Thread added: 0x0000025935095450
Event: 0.169 Thread 0x00000259350a0230 Thread added: 0x00000259350a0230
Event: 1.566 Thread 0x0000025935315300 Thread added: 0x0000025935315300


Dynamic libraries:
0x00007ff7f2eb0000 - 0x00007ff7f2ec0000 	C:\Program Files\Java\jdk-19\bin\java.exe
0x00007ff90c7d0000 - 0x00007ff90c9e7000 	C:\WINDOWS\SYSTEM32\ntdll.dll
0x00007ff90b790000 - 0x00007ff90b854000 	C:\WINDOWS\System32\KERNEL32.DLL
0x00007ff909cc0000 - 0x00007ff90a066000 	C:\WINDOWS\System32\KERNELBASE.dll
0x00007ff90a410000 - 0x00007ff90a521000 	C:\WINDOWS\System32\ucrtbase.dll
0x00007ff8ceef0000 - 0x00007ff8cef0b000 	C:\Program Files\Java\jdk-19\bin\VCRUNTIME140.dll
0x00007ff8d0960000 - 0x00007ff8d0978000 	C:\Program Files\Java\jdk-19\bin\jli.dll
0x00007ff90a720000 - 0x00007ff90a7d0000 	C:\WINDOWS\System32\ADVAPI32.dll
0x00007ff90bf40000 - 0x00007ff90bfe7000 	C:\WINDOWS\System32\msvcrt.dll
0x00007ff90b590000 - 0x00007ff90b636000 	C:\WINDOWS\System32\sechost.dll
0x00007ff90a600000 - 0x00007ff90a717000 	C:\WINDOWS\System32\RPCRT4.dll
0x00007ff90b130000 - 0x00007ff90b2dd000 	C:\WINDOWS\System32\USER32.dll
0x00007ff90a3e0000 - 0x00007ff90a406000 	C:\WINDOWS\System32\win32u.dll
0x00007ff8e2440000 - 0x00007ff8e26d3000 	C:\WINDOWS\WinSxS\amd64_microsoft.windows.common-controls_6595b64144ccf1df_6.0.22621.2361_none_2712ced57382f843\COMCTL32.dll
0x00007ff90bf10000 - 0x00007ff90bf39000 	C:\WINDOWS\System32\GDI32.dll
0x00007ff90a070000 - 0x00007ff90a188000 	C:\WINDOWS\System32\gdi32full.dll
0x00007ff90a250000 - 0x00007ff90a2ea000 	C:\WINDOWS\System32\msvcp_win.dll
0x00007ff902010000 - 0x00007ff90201a000 	C:\WINDOWS\SYSTEM32\VERSION.dll
0x00007ff90c100000 - 0x00007ff90c131000 	C:\WINDOWS\System32\IMM32.DLL
0x00007ff903890000 - 0x00007ff90389c000 	C:\Program Files\Java\jdk-19\bin\vcruntime140_1.dll
0x00007ff8af9a0000 - 0x00007ff8afa2e000 	C:\Program Files\Java\jdk-19\bin\msvcp140.dll
0x00007ff85f990000 - 0x00007ff860650000 	C:\Program Files\Java\jdk-19\bin\server\jvm.dll
0x00007ff8ea280000 - 0x00007ff8ea289000 	C:\WINDOWS\SYSTEM32\WSOCK32.dll
0x00007ff902570000 - 0x00007ff9025a4000 	C:\WINDOWS\SYSTEM32\WINMM.dll
0x00007ff90c370000 - 0x00007ff90c3e1000 	C:\WINDOWS\System32\WS2_32.dll
0x00007ff908af0000 - 0x00007ff908b08000 	C:\WINDOWS\SYSTEM32\kernel.appcore.dll
0x00007ff8dcda0000 - 0x00007ff8dcdaa000 	C:\Program Files\Java\jdk-19\bin\jimage.dll
0x00007ff9076e0000 - 0x00007ff90790e000 	C:\WINDOWS\SYSTEM32\DBGHELP.DLL
0x00007ff90c3f0000 - 0x00007ff90c77a000 	C:\WINDOWS\System32\combase.dll
0x00007ff90b860000 - 0x00007ff90b937000 	C:\WINDOWS\System32\OLEAUT32.dll
0x00007ff8eb240000 - 0x00007ff8eb272000 	C:\WINDOWS\SYSTEM32\dbgcore.DLL
0x00007ff90a360000 - 0x00007ff90a3da000 	C:\WINDOWS\System32\bcryptPrimitives.dll
0x00007ff8c0670000 - 0x00007ff8c0696000 	C:\Program Files\Java\jdk-19\bin\java.dll
0x00007ff8aa730000 - 0x00007ff8aa807000 	C:\Program Files\Java\jdk-19\bin\jsvml.dll
0x00007ff90a7d0000 - 0x00007ff90b028000 	C:\WINDOWS\System32\SHELL32.dll
0x00007ff907a60000 - 0x00007ff908352000 	C:\WINDOWS\SYSTEM32\windows.storage.dll
0x00007ff907920000 - 0x00007ff907a5e000 	C:\WINDOWS\SYSTEM32\wintypes.dll
0x00007ff90bff0000 - 0x00007ff90c0e3000 	C:\WINDOWS\System32\SHCORE.dll
0x00007ff90b530000 - 0x00007ff90b58e000 	C:\WINDOWS\System32\shlwapi.dll
0x00007ff909a80000 - 0x00007ff909aa6000 	C:\WINDOWS\SYSTEM32\profapi.dll
0x00007ff8bf5e0000 - 0x00007ff8bf5f3000 	C:\Program Files\Java\jdk-19\bin\net.dll
0x00007ff902150000 - 0x00007ff902287000 	C:\WINDOWS\SYSTEM32\WINHTTP.dll
0x00007ff908fc0000 - 0x00007ff909029000 	C:\WINDOWS\system32\mswsock.dll
0x00007ff8bf5c0000 - 0x00007ff8bf5d6000 	C:\Program Files\Java\jdk-19\bin\nio.dll
0x00007ff8bf070000 - 0x00007ff8bf088000 	C:\Program Files\Java\jdk-19\bin\zip.dll
0x00007ff8f24b0000 - 0x00007ff8f24c0000 	C:\Program Files\Java\jdk-19\bin\verify.dll
0x00007ff8dce70000 - 0x00007ff8dce97000 	C:\Users\Phong Vu\.gradle\native\68d5fa5c4cc2d200863cafc0d521ce42e7d3e7ee720ec0a83991735586a16f82\windows-amd64\native-platform.dll
0x00007ff8d3490000 - 0x00007ff8d349a000 	C:\Program Files\Java\jdk-19\bin\management.dll
0x00007ff8d3330000 - 0x00007ff8d333b000 	C:\Program Files\Java\jdk-19\bin\management_ext.dll
0x00007ff90c780000 - 0x00007ff90c788000 	C:\WINDOWS\System32\PSAPI.DLL
0x00007ff909260000 - 0x00007ff90927b000 	C:\WINDOWS\SYSTEM32\CRYPTSP.dll
0x00007ff908ab0000 - 0x00007ff908ae5000 	C:\WINDOWS\system32\rsaenh.dll
0x00007ff909100000 - 0x00007ff90912c000 	C:\WINDOWS\SYSTEM32\USERENV.dll
0x00007ff9094f0000 - 0x00007ff909518000 	C:\WINDOWS\SYSTEM32\bcrypt.dll
0x00007ff909280000 - 0x00007ff90928c000 	C:\WINDOWS\SYSTEM32\CRYPTBASE.dll
0x00007ff9085c0000 - 0x00007ff9085ed000 	C:\WINDOWS\SYSTEM32\IPHLPAPI.DLL
0x00007ff90b640000 - 0x00007ff90b649000 	C:\WINDOWS\System32\NSI.dll
0x00007ff901ff0000 - 0x00007ff902009000 	C:\WINDOWS\SYSTEM32\dhcpcsvc6.DLL
0x00007ff901870000 - 0x00007ff90188f000 	C:\WINDOWS\SYSTEM32\dhcpcsvc.DLL
0x00007ff908630000 - 0x00007ff908729000 	C:\WINDOWS\SYSTEM32\DNSAPI.dll

dbghelp: loaded successfully - version: 4.0.5 - missing functions: none
symbol engine: initialized successfully - sym options: 0x614 - pdb path: .;C:\Program Files\Java\jdk-19\bin;C:\WINDOWS\SYSTEM32;C:\WINDOWS\WinSxS\amd64_microsoft.windows.common-controls_6595b64144ccf1df_6.0.22621.2361_none_2712ced57382f843;C:\Program Files\Java\jdk-19\bin\server;C:\Users\Phong Vu\.gradle\native\68d5fa5c4cc2d200863cafc0d521ce42e7d3e7ee720ec0a83991735586a16f82\windows-amd64

VM Arguments:
jvm_args: -Xmx64m -Xms64m -Dorg.gradle.appname=gradlew 
java_command: org.gradle.wrapper.GradleWrapperMain tasks
java_class_path (initial): D:\Workspace\Mobile App\ADHFit\android\\gradle\wrapper\gradle-wrapper.jar
Launcher Type: SUN_STANDARD

[Global flags]
     intx CICompilerCount                          = 4                                         {product} {ergonomic}
     uint ConcGCThreads                            = 2                                         {product} {ergonomic}
     uint G1ConcRefinementThreads                  = 8                                         {product} {ergonomic}
   size_t G1HeapRegionSize                         = 1048576                                   {product} {ergonomic}
    uintx GCDrainStackTargetSize                   = 64                                        {product} {ergonomic}
   size_t InitialHeapSize                          = 67108864                                  {product} {command line}
   size_t MarkStackSize                            = 4194304                                   {product} {ergonomic}
   size_t MaxHeapSize                              = 67108864                                  {product} {command line}
   size_t MaxNewSize                               = 39845888                                  {product} {ergonomic}
   size_t MinHeapDeltaBytes                        = 1048576                                   {product} {ergonomic}
   size_t MinHeapSize                              = 67108864                                  {product} {command line}
    uintx NonNMethodCodeHeapSize                   = 5839372                                {pd product} {ergonomic}
    uintx NonProfiledCodeHeapSize                  = 122909434                              {pd product} {ergonomic}
    uintx ProfiledCodeHeapSize                     = 122909434                              {pd product} {ergonomic}
    uintx ReservedCodeCacheSize                    = 251658240                              {pd product} {ergonomic}
     bool SegmentedCodeCache                       = true                                      {product} {ergonomic}
   size_t SoftMaxHeapSize                          = 67108864                               {manageable} {ergonomic}
     bool UseCompressedClassPointers               = true                           {product lp64_product} {ergonomic}
     bool UseCompressedOops                        = true                           {product lp64_product} {ergonomic}
     bool UseG1GC                                  = true                                      {product} {ergonomic}
     bool UseLargePagesIndividualAllocation        = false                                  {pd product} {ergonomic}

Logging:
Log output configuration:
 #0: stdout all=warning uptime,level,tags foldmultilines=false
 #1: stderr all=off uptime,level,tags foldmultilines=false

Environment Variables:
CLASSPATH=D:\Workspace\Mobile App\ADHFit\android\\gradle\wrapper\gradle-wrapper.jar
PATH=D:\Workspace\Mobile App\ADHFit\node_modules\.bin;D:\Workspace\Mobile App\ADHFit\node_modules\.bin;D:\Workspace\Mobile App\node_modules\.bin;D:\Workspace\node_modules\.bin;D:\node_modules\.bin;C:\Program Files\nodejs\node_modules\npm\node_modules\@npmcli\run-script\lib\node-gyp-bin;D:\Workspace\Mobile App\ADHFit\node_modules\.bin;D:\Workspace\Mobile App\node_modules\.bin;D:\Workspace\node_modules\.bin;D:\node_modules\.bin;C:\Program Files\nodejs\node_modules\npm\node_modules\@npmcli\run-script\lib\node-gyp-bin;C:\Program Files\Python312\Scripts\;C:\Program Files\Python312\;C:\Program Files\Common Files\Oracle\Java\javapath;C:\Windows\system32;C:\Windows;C:\Windows\System32\Wbem;C:\Windows\System32\WindowsPowerShell\v1.0\;C:\Windows\System32\OpenSSH\;C:\Program Files (x86)\NVIDIA Corporation\PhysX\Common;C:\Program Files\NVIDIA Corporation\NVIDIA NvDLISR;C:\TDM-GCC-32\bin;D:\Matlab\runtime\win64;D:\Matlab\bin;D:\Matlab\polyspace\bin;C:\Program Files\Microsoft\Web Platform Installer\;C:\Program Files (x86)\Microsoft ASP.NET\ASP.NET Web Pages\v1.0\;C:\Program Files\Microsoft SQL Server\110\Tools\Binn\;C:\WINDOWS\system32;C:\WINDOWS;C:\WINDOWS\System32\Wbem;C:\WINDOWS\System32\WindowsPowerShell\v1.0\;C:\WINDOWS\System32\OpenSSH\;C:\Program Files (x86)\Microsoft SQL Server\150\Tools\Binn\;C:\Program Files\Microsoft SQL Server\150\Tools\Binn\;C:\Program Files (x86)\Microsoft SQL Server\150\DTS\Binn\;C:\Program Files\Microsoft SQL Server\150\DTS\Binn\;C:\Program Files\Microsoft SQL Server\Client SDK\ODBC\170\Tools\Binn\;C:\Program Files\Git\cmd;C:\Users\Phong Vu\AppData\Roaming\nvm;C:;C:\WINDOWS\system32;C:\WINDOWS;C:\WINDOWS\System32\Wbem;C:\WINDOWS\System32\WindowsPowerShell\v1.0\;C:\WINDOWS\System32\OpenSSH\;C:\Program Files\nodejs\;D:\opencv\build\x64\vc16\bin;C:\Program Files\CMake\bin;C:\Program Files (x86)\Windows Kits\10\Windows Performance Toolkit\;C:\Users\Phong Vu\AppData\Local\Programs\Python\Python312\Scripts;C:\Users\Phong Vu\AppData\Local\Microsoft\WindowsApps;D:\mingw64\bin;C:\Program Files\JetBrains\PyCharm Community Edition 2023.2.2\bin;;D:\JavaIDE\IntelliJ IDEA Community Edition 2022.1.4\bin;;C:\Program Files\Azure Data Studio\bin;C:\Users\Phong Vu\AppData\Local\Programs\Microsoft VS Code\bin;C:\Users\Phong Vu\AppData\Roaming\nvm;C:\Program Files\nodejs;D:\QPLE\modelsim_ase\win32aloem;D:\Pycharm\PyCharm 2023.1.3\bin;;C:\Users\Phong Vu\AppData\Roaming\npm;C:\Program Files\Java\jdk-19\bin;C:\Program Files\openssl-0.9.8k_X64\bin;D:\opencv\build\x64\vc16\bin;C:\Users\Phong Vu\AppData\Local\Programs\Python\Python312\Scripts;
USERNAME=Nguyen Hieu
LANG=en_US.UTF-8
OS=Windows_NT
PROCESSOR_IDENTIFIER=Intel64 Family 6 Model 165 Stepping 2, GenuineIntel
TMP=C:\Users\PHONGV~1\AppData\Local\Temp
TEMP=C:\Users\PHONGV~1\AppData\Local\Temp



---------------  S Y S T E M  ---------------

OS:
 Windows 11 , 64 bit Build 22621 (10.0.22621.2428)
OS uptime: 4 days 19:42 hours
Hyper-V role detected

CPU: total 8 (initial active 8) (4 cores per cpu, 2 threads per core) family 6 model 165 stepping 2 microcode 0xe2, cx8, cmov, fxsr, ht, mmx, 3dnowpref, sse, sse2, sse3, ssse3, sse4.1, sse4.2, popcnt, lzcnt, tsc, tscinvbit, avx, avx2, aes, erms, clmul, bmi1, bmi2, adx, fma, vzeroupper, clflush, clflushopt, hv, rdtscp

Memory: 4k page, system-wide physical 16215M (331M free)
TotalPageFile size 23383M (AvailPageFile size 26M)
current process WorkingSet (physical memory assigned to process): 86M, peak: 86M
current process commit charge ("private bytes"): 162M, peak: 162M

vm_info: Java HotSpot(TM) 64-Bit Server VM (19+36-2238) for windows-amd64 JRE (19+36-2238), built on 2022-08-12T20:29:01Z by "mach5one" with MS VC++ 17.1 (VS2022)

END.
