#
# There is insufficient memory for the Java Runtime Environment to continue.
# Native memory allocation (malloc) failed to allocate 1482464 bytes for Chunk::new
# Possible reasons:
#   The system is out of physical RAM or swap space
#   The process is running with CompressedOops enabled, and the Java Heap may be blocking the growth of the native heap
# Possible solutions:
#   Reduce memory load on the system
#   Increase physical memory or swap space
#   Check if swap backing store is full
#   Decrease Java heap size (-Xmx/-Xms)
#   Decrease number of Java threads
#   Decrease Java thread stack sizes (-Xss)
#   Set larger code cache with -XX:ReservedCodeCacheSize=
#   JVM is running with Unscaled Compressed Oops mode in which the Java heap is
#     placed in the first 4GB address space. The Java Heap base address is the
#     maximum limit for the native heap growth. Please use -XX:HeapBaseMinAddress
#     to set the Java Heap base and to place the Java Heap above 4GB virtual address.
# This output file may be truncated or incomplete.
#
#  Out of Memory Error (arena.cpp:184), pid=12680, tid=10916
#
# JRE version: Java(TM) SE Runtime Environment (19.0+36) (build 19+36-2238)
# Java VM: Java HotSpot(TM) 64-Bit Server VM (19+36-2238, mixed mode, sharing, tiered, compressed oops, compressed class ptrs, g1 gc, windows-amd64)
# No core dump will be written. Minidumps are not enabled by default on client versions of Windows
#

---------------  S U M M A R Y ------------

Command Line: -XX:MaxMetaspaceSize=512m --add-opens=java.base/java.util=ALL-UNNAMED --add-opens=java.base/java.lang=ALL-UNNAMED --add-opens=java.base/java.lang.invoke=ALL-UNNAMED --add-opens=java.prefs/java.util.prefs=ALL-UNNAMED --add-opens=java.base/java.nio.charset=ALL-UNNAMED --add-opens=java.base/java.net=ALL-UNNAMED --add-opens=java.base/java.util.concurrent.atomic=ALL-UNNAMED -Xmx2048m -Dfile.encoding=UTF-8 -Duser.country=US -Duser.language=en -Duser.variant org.gradle.launcher.daemon.bootstrap.GradleDaemon 8.0.1

Host: Intel(R) Core(TM) i5-10300H CPU @ 2.50GHz, 8 cores, 15G,  Windows 11 , 64 bit Build 22621 (10.0.22621.2506)
Time: Sun Nov 19 16:39:50 2023 SE Asia Standard Time elapsed time: 5.274651 seconds (0d 0h 0m 5s)

---------------  T H R E A D  ---------------

Current thread (0x0000023b6aa2d4f0):  JavaThread "C2 CompilerThread0" daemon [_thread_in_native, id=10916, stack(0x0000008aa6600000,0x0000008aa6700000)]


Current CompileTask:
C2:   5275 2719       4       java.net.URLClassLoader$1::run (5 bytes)

Stack: [0x0000008aa6600000,0x0000008aa6700000]
Native frames: (J=compiled Java code, j=interpreted, Vv=VM code, C=native code)
V  [jvm.dll+0x6ee8fa]
V  [jvm.dll+0x857a1e]
V  [jvm.dll+0x85940e]
V  [jvm.dll+0x859ac3]
V  [jvm.dll+0x28291f]
V  [jvm.dll+0xc9b5f]
V  [jvm.dll+0xc9ee5]
V  [jvm.dll+0x3bcbac]
V  [jvm.dll+0x1ee12a]
V  [jvm.dll+0x24c41b]
V  [jvm.dll+0x24b671]
V  [jvm.dll+0x1d6d61]
V  [jvm.dll+0x25b0fa]
V  [jvm.dll+0x259588]
V  [jvm.dll+0x807928]
V  [jvm.dll+0x8015fa]
V  [jvm.dll+0x6ed5eb]
C  [ucrtbase.dll+0x29363]
C  [KERNEL32.DLL+0x1257d]
C  [ntdll.dll+0x5aa58]


---------------  P R O C E S S  ---------------

Threads class SMR info:
_java_thread_list=0x0000023b71dae960, length=26, elements={
0x0000023b4c0d2900, 0x0000023b6a9f62f0, 0x0000023b6a9fb290, 0x0000023b6a9ff3d0,
0x0000023b6aa20d20, 0x0000023b6aa217f0, 0x0000023b6aa22c00, 0x0000023b6aa2d4f0,
0x0000023b6aa341c0, 0x0000023b6aa38b60, 0x0000023b6ab6b850, 0x0000023b6ab6e7f0,
0x0000023b700d8290, 0x0000023b70759400, 0x0000023b707d3670, 0x0000023b70795140,
0x0000023b70577760, 0x0000023b70637070, 0x0000023b706375b0, 0x0000023b70557aa0,
0x0000023b70556ab0, 0x0000023b70557000, 0x0000023b70556010, 0x0000023b70555020,
0x0000023b70555570, 0x0000023b70a98050
}

Java Threads: ( => current thread )
  0x0000023b4c0d2900 JavaThread "main" [_thread_blocked, id=9496, stack(0x0000008aa5900000,0x0000008aa5a00000)]
  0x0000023b6a9f62f0 JavaThread "Reference Handler" daemon [_thread_blocked, id=15632, stack(0x0000008aa6000000,0x0000008aa6100000)]
  0x0000023b6a9fb290 JavaThread "Finalizer" daemon [_thread_blocked, id=23032, stack(0x0000008aa6100000,0x0000008aa6200000)]
  0x0000023b6a9ff3d0 JavaThread "Signal Dispatcher" daemon [_thread_blocked, id=20896, stack(0x0000008aa6200000,0x0000008aa6300000)]
  0x0000023b6aa20d20 JavaThread "Attach Listener" daemon [_thread_blocked, id=7188, stack(0x0000008aa6300000,0x0000008aa6400000)]
  0x0000023b6aa217f0 JavaThread "Service Thread" daemon [_thread_blocked, id=23744, stack(0x0000008aa6400000,0x0000008aa6500000)]
  0x0000023b6aa22c00 JavaThread "Monitor Deflation Thread" daemon [_thread_blocked, id=18340, stack(0x0000008aa6500000,0x0000008aa6600000)]
=>0x0000023b6aa2d4f0 JavaThread "C2 CompilerThread0" daemon [_thread_in_native, id=10916, stack(0x0000008aa6600000,0x0000008aa6700000)]
  0x0000023b6aa341c0 JavaThread "C1 CompilerThread0" daemon [_thread_blocked, id=23524, stack(0x0000008aa6700000,0x0000008aa6800000)]
  0x0000023b6aa38b60 JavaThread "Sweeper thread" daemon [_thread_blocked, id=16940, stack(0x0000008aa6800000,0x0000008aa6900000)]
  0x0000023b6ab6b850 JavaThread "Common-Cleaner" daemon [_thread_blocked, id=22500, stack(0x0000008aa6900000,0x0000008aa6a00000)]
  0x0000023b6ab6e7f0 JavaThread "Notification Thread" daemon [_thread_blocked, id=12360, stack(0x0000008aa6a00000,0x0000008aa6b00000)]
  0x0000023b700d8290 JavaThread "Daemon health stats" [_thread_blocked, id=17916, stack(0x0000008aa7200000,0x0000008aa7300000)]
  0x0000023b70759400 JavaThread "Incoming local TCP Connector on port 49662" [_thread_in_native, id=17120, stack(0x0000008aa7100000,0x0000008aa7200000)]
  0x0000023b707d3670 JavaThread "Daemon periodic checks" [_thread_blocked, id=10612, stack(0x0000008aa7300000,0x0000008aa7400000)]
  0x0000023b70795140 JavaThread "Daemon" [_thread_blocked, id=19572, stack(0x0000008aa7400000,0x0000008aa7500000)]
  0x0000023b70577760 JavaThread "Handler for socket connection from /127.0.0.1:49662 to /127.0.0.1:49663" [_thread_in_native, id=11812, stack(0x0000008aa7500000,0x0000008aa7600000)]
  0x0000023b70637070 JavaThread "Cancel handler" [_thread_blocked, id=12828, stack(0x0000008aa7600000,0x0000008aa7700000)]
  0x0000023b706375b0 JavaThread "Daemon worker" [_thread_in_vm, id=22292, stack(0x0000008aa7700000,0x0000008aa7800000)]
  0x0000023b70557aa0 JavaThread "Asynchronous log dispatcher for DefaultDaemonConnection: socket connection from /127.0.0.1:49662 to /127.0.0.1:49663" [_thread_blocked, id=16492, stack(0x0000008aa7800000,0x0000008aa7900000)]
  0x0000023b70556ab0 JavaThread "Stdin handler" [_thread_blocked, id=7664, stack(0x0000008aa7900000,0x0000008aa7a00000)]
  0x0000023b70557000 JavaThread "Daemon client event forwarder" [_thread_blocked, id=19172, stack(0x0000008aa7a00000,0x0000008aa7b00000)]
  0x0000023b70556010 JavaThread "Cache worker for journal cache (C:\Users\Phong Vu\.gradle\caches\journal-1)" [_thread_blocked, id=8968, stack(0x0000008aa7b00000,0x0000008aa7c00000)]
  0x0000023b70555020 JavaThread "File lock request listener" [_thread_in_native, id=11984, stack(0x0000008aa7c00000,0x0000008aa7d00000)]
  0x0000023b70555570 JavaThread "Cache worker for file hash cache (C:\Users\Phong Vu\.gradle\caches\8.0.1\fileHashes)" [_thread_blocked, id=20512, stack(0x0000008aa7d00000,0x0000008aa7e00000)]
  0x0000023b70a98050 JavaThread "C2 CompilerThread1" daemon [_thread_in_native, id=8732, stack(0x0000008aa7e00000,0x0000008aa7f00000)]

Other Threads:
  0x0000023b6a9df6d0 VMThread "VM Thread" [stack: 0x0000008aa5f00000,0x0000008aa6000000] [id=2084]
  0x0000023b6ab79570 WatcherThread "VM Periodic Task Thread" [stack: 0x0000008aa6b00000,0x0000008aa6c00000] [id=20156]
  0x0000023b4c132a20 WorkerThread "GC Thread#0" [stack: 0x0000008aa5a00000,0x0000008aa5b00000] [id=21708]
  0x0000023b6f5d7360 WorkerThread "GC Thread#1" [stack: 0x0000008aa6c00000,0x0000008aa6d00000] [id=14292]
  0x0000023b6f6d4bf0 WorkerThread "GC Thread#2" [stack: 0x0000008aa6d00000,0x0000008aa6e00000] [id=14628]
  0x0000023b6f615cb0 WorkerThread "GC Thread#3" [stack: 0x0000008aa6e00000,0x0000008aa6f00000] [id=1608]
  0x0000023b6f614bd0 WorkerThread "GC Thread#4" [stack: 0x0000008aa6f00000,0x0000008aa7000000] [id=12292]
  0x0000023b6f614090 WorkerThread "GC Thread#5" [stack: 0x0000008aa7000000,0x0000008aa7100000] [id=21840]
  0x0000023b4c143980 ConcurrentGCThread "G1 Main Marker" [stack: 0x0000008aa5b00000,0x0000008aa5c00000] [id=9932]
  0x0000023b4c1443b0 WorkerThread "G1 Conc#0" [stack: 0x0000008aa5c00000,0x0000008aa5d00000] [id=9224]
  0x0000023b6a897a20 ConcurrentGCThread "G1 Refine#0" [stack: 0x0000008aa5d00000,0x0000008aa5e00000] [id=12132]
  0x0000023b6a898470 ConcurrentGCThread "G1 Service" [stack: 0x0000008aa5e00000,0x0000008aa5f00000] [id=11344]

Threads with active compile tasks:
C2 CompilerThread0     5311 2719       4       java.net.URLClassLoader$1::run (5 bytes)
C2 CompilerThread1     5311 2720   !   4       java.net.URLClassLoader$1::run (81 bytes)

VM state: not at safepoint (normal execution)

VM Mutex/Monitor currently owned by a thread: None

Heap address: 0x0000000080000000, size: 2048 MB, Compressed Oops mode: 32-bit

CDS archive(s) mapped at: [0x0000000800000000-0x0000000800c40000-0x0000000800c40000), size 12845056, SharedBaseAddress: 0x0000000800000000, ArchiveRelocationMode: 0.
Compressed class space mapped at: 0x0000000801000000-0x000000081ac00000, reserved size: 432013312
Narrow klass base: 0x0000000800000000, Narrow klass shift: 0, Narrow klass range: 0x100000000

GC Precious Log:
 CardTable entry size: 512
 Card Set container configuration: InlinePtr #cards 5 size 8 Array Of Cards #cards 12 size 40 Howl #buckets 4 coarsen threshold 1843 Howl Bitmap #cards 512 size 80 coarsen threshold 460 Card regions per heap region 1 cards per card region 2048
 CPUs: 8 total, 8 available
 Memory: 16215M
 Large Page Support: Disabled
 NUMA Support: Disabled
 Compressed Oops: Enabled (32-bit)
 Heap Region Size: 1M
 Heap Min Capacity: 8M
 Heap Initial Capacity: 254M
 Heap Max Capacity: 2G
 Pre-touch: Disabled
 Parallel Workers: 8
 Concurrent Workers: 2
 Concurrent Refinement Workers: 8
 Periodic GC: Disabled

Heap:
 garbage-first heap   total 260096K, used 94783K [0x0000000080000000, 0x0000000100000000)
  region size 1024K, 84 young (86016K), 4 survivors (4096K)
 Metaspace       used 19385K, committed 20096K, reserved 487424K
  class space    used 2760K, committed 3136K, reserved 421888K

Heap Regions: E=young(eden), S=young(survivor), O=old, HS=humongous(starts), HC=humongous(continues), CS=collection set, F=free, OA=open archive, CA=closed archive, TAMS=top-at-mark-start (previous, next)
|   0|0x0000000080000000, 0x0000000080100000, 0x0000000080100000|100%|HS|  |TAMS 0x0000000080000000, 0x0000000080000000| Complete 
|   1|0x0000000080100000, 0x0000000080200000, 0x0000000080200000|100%|HC|  |TAMS 0x0000000080100000, 0x0000000080100000| Complete 
|   2|0x0000000080200000, 0x0000000080300000, 0x0000000080300000|100%|HC|  |TAMS 0x0000000080200000, 0x0000000080200000| Complete 
|   3|0x0000000080300000, 0x0000000080400000, 0x0000000080400000|100%|HC|  |TAMS 0x0000000080300000, 0x0000000080300000| Complete 
|   4|0x0000000080400000, 0x0000000080500000, 0x0000000080500000|100%| O|  |TAMS 0x0000000080400000, 0x0000000080400000| Untracked 
|   5|0x0000000080500000, 0x0000000080600000, 0x0000000080600000|100%| O|  |TAMS 0x0000000080500000, 0x0000000080500000| Untracked 
|   6|0x0000000080600000, 0x0000000080700000, 0x0000000080700000|100%| O|  |TAMS 0x0000000080600000, 0x0000000080600000| Untracked 
|   7|0x0000000080700000, 0x0000000080700000, 0x0000000080800000|  0%| F|  |TAMS 0x0000000080700000, 0x0000000080700000| Untracked 
|   8|0x0000000080800000, 0x0000000080900000, 0x0000000080900000|100%| O|  |TAMS 0x0000000080800000, 0x0000000080800000| Untracked 
|   9|0x0000000080900000, 0x0000000080a00000, 0x0000000080a00000|100%| O|  |TAMS 0x0000000080900000, 0x0000000080900000| Untracked 
|  10|0x0000000080a00000, 0x0000000080acd400, 0x0000000080b00000| 80%| O|  |TAMS 0x0000000080a00000, 0x0000000080a00000| Untracked 
|  11|0x0000000080b00000, 0x0000000080b00000, 0x0000000080c00000|  0%| F|  |TAMS 0x0000000080b00000, 0x0000000080b00000| Untracked 
|  12|0x0000000080c00000, 0x0000000080c00000, 0x0000000080d00000|  0%| F|  |TAMS 0x0000000080c00000, 0x0000000080c00000| Untracked 
|  13|0x0000000080d00000, 0x0000000080d00000, 0x0000000080e00000|  0%| F|  |TAMS 0x0000000080d00000, 0x0000000080d00000| Untracked 
|  14|0x0000000080e00000, 0x0000000080e00000, 0x0000000080f00000|  0%| F|  |TAMS 0x0000000080e00000, 0x0000000080e00000| Untracked 
|  15|0x0000000080f00000, 0x0000000080f00000, 0x0000000081000000|  0%| F|  |TAMS 0x0000000080f00000, 0x0000000080f00000| Untracked 
|  16|0x0000000081000000, 0x0000000081000000, 0x0000000081100000|  0%| F|  |TAMS 0x0000000081000000, 0x0000000081000000| Untracked 
|  17|0x0000000081100000, 0x0000000081100000, 0x0000000081200000|  0%| F|  |TAMS 0x0000000081100000, 0x0000000081100000| Untracked 
|  18|0x0000000081200000, 0x0000000081200000, 0x0000000081300000|  0%| F|  |TAMS 0x0000000081200000, 0x0000000081200000| Untracked 
|  19|0x0000000081300000, 0x0000000081300000, 0x0000000081400000|  0%| F|  |TAMS 0x0000000081300000, 0x0000000081300000| Untracked 
|  20|0x0000000081400000, 0x0000000081400000, 0x0000000081500000|  0%| F|  |TAMS 0x0000000081400000, 0x0000000081400000| Untracked 
|  21|0x0000000081500000, 0x0000000081500000, 0x0000000081600000|  0%| F|  |TAMS 0x0000000081500000, 0x0000000081500000| Untracked 
|  22|0x0000000081600000, 0x0000000081600000, 0x0000000081700000|  0%| F|  |TAMS 0x0000000081600000, 0x0000000081600000| Untracked 
|  23|0x0000000081700000, 0x0000000081700000, 0x0000000081800000|  0%| F|  |TAMS 0x0000000081700000, 0x0000000081700000| Untracked 
|  24|0x0000000081800000, 0x0000000081800000, 0x0000000081900000|  0%| F|  |TAMS 0x0000000081800000, 0x0000000081800000| Untracked 
|  25|0x0000000081900000, 0x0000000081900000, 0x0000000081a00000|  0%| F|  |TAMS 0x0000000081900000, 0x0000000081900000| Untracked 
|  26|0x0000000081a00000, 0x0000000081a00000, 0x0000000081b00000|  0%| F|  |TAMS 0x0000000081a00000, 0x0000000081a00000| Untracked 
|  27|0x0000000081b00000, 0x0000000081b00000, 0x0000000081c00000|  0%| F|  |TAMS 0x0000000081b00000, 0x0000000081b00000| Untracked 
|  28|0x0000000081c00000, 0x0000000081c00000, 0x0000000081d00000|  0%| F|  |TAMS 0x0000000081c00000, 0x0000000081c00000| Untracked 
|  29|0x0000000081d00000, 0x0000000081d00000, 0x0000000081e00000|  0%| F|  |TAMS 0x0000000081d00000, 0x0000000081d00000| Untracked 
|  30|0x0000000081e00000, 0x0000000081e00000, 0x0000000081f00000|  0%| F|  |TAMS 0x0000000081e00000, 0x0000000081e00000| Untracked 
|  31|0x0000000081f00000, 0x0000000081f00000, 0x0000000082000000|  0%| F|  |TAMS 0x0000000081f00000, 0x0000000081f00000| Untracked 
|  32|0x0000000082000000, 0x0000000082000000, 0x0000000082100000|  0%| F|  |TAMS 0x0000000082000000, 0x0000000082000000| Untracked 
|  33|0x0000000082100000, 0x0000000082100000, 0x0000000082200000|  0%| F|  |TAMS 0x0000000082100000, 0x0000000082100000| Untracked 
|  34|0x0000000082200000, 0x0000000082200000, 0x0000000082300000|  0%| F|  |TAMS 0x0000000082200000, 0x0000000082200000| Untracked 
|  35|0x0000000082300000, 0x0000000082300000, 0x0000000082400000|  0%| F|  |TAMS 0x0000000082300000, 0x0000000082300000| Untracked 
|  36|0x0000000082400000, 0x0000000082400000, 0x0000000082500000|  0%| F|  |TAMS 0x0000000082400000, 0x0000000082400000| Untracked 
|  37|0x0000000082500000, 0x0000000082500000, 0x0000000082600000|  0%| F|  |TAMS 0x0000000082500000, 0x0000000082500000| Untracked 
|  38|0x0000000082600000, 0x0000000082600000, 0x0000000082700000|  0%| F|  |TAMS 0x0000000082600000, 0x0000000082600000| Untracked 
|  39|0x0000000082700000, 0x0000000082700000, 0x0000000082800000|  0%| F|  |TAMS 0x0000000082700000, 0x0000000082700000| Untracked 
|  40|0x0000000082800000, 0x0000000082800000, 0x0000000082900000|  0%| F|  |TAMS 0x0000000082800000, 0x0000000082800000| Untracked 
|  41|0x0000000082900000, 0x0000000082900000, 0x0000000082a00000|  0%| F|  |TAMS 0x0000000082900000, 0x0000000082900000| Untracked 
|  42|0x0000000082a00000, 0x0000000082a00000, 0x0000000082b00000|  0%| F|  |TAMS 0x0000000082a00000, 0x0000000082a00000| Untracked 
|  43|0x0000000082b00000, 0x0000000082b00000, 0x0000000082c00000|  0%| F|  |TAMS 0x0000000082b00000, 0x0000000082b00000| Untracked 
|  44|0x0000000082c00000, 0x0000000082c00000, 0x0000000082d00000|  0%| F|  |TAMS 0x0000000082c00000, 0x0000000082c00000| Untracked 
|  45|0x0000000082d00000, 0x0000000082d00000, 0x0000000082e00000|  0%| F|  |TAMS 0x0000000082d00000, 0x0000000082d00000| Untracked 
|  46|0x0000000082e00000, 0x0000000082e00000, 0x0000000082f00000|  0%| F|  |TAMS 0x0000000082e00000, 0x0000000082e00000| Untracked 
|  47|0x0000000082f00000, 0x0000000082f00000, 0x0000000083000000|  0%| F|  |TAMS 0x0000000082f00000, 0x0000000082f00000| Untracked 
|  48|0x0000000083000000, 0x0000000083000000, 0x0000000083100000|  0%| F|  |TAMS 0x0000000083000000, 0x0000000083000000| Untracked 
|  49|0x0000000083100000, 0x0000000083100000, 0x0000000083200000|  0%| F|  |TAMS 0x0000000083100000, 0x0000000083100000| Untracked 
|  50|0x0000000083200000, 0x0000000083200000, 0x0000000083300000|  0%| F|  |TAMS 0x0000000083200000, 0x0000000083200000| Untracked 
|  51|0x0000000083300000, 0x0000000083300000, 0x0000000083400000|  0%| F|  |TAMS 0x0000000083300000, 0x0000000083300000| Untracked 
|  52|0x0000000083400000, 0x0000000083400000, 0x0000000083500000|  0%| F|  |TAMS 0x0000000083400000, 0x0000000083400000| Untracked 
|  53|0x0000000083500000, 0x0000000083500000, 0x0000000083600000|  0%| F|  |TAMS 0x0000000083500000, 0x0000000083500000| Untracked 
|  54|0x0000000083600000, 0x0000000083600000, 0x0000000083700000|  0%| F|  |TAMS 0x0000000083600000, 0x0000000083600000| Untracked 
|  55|0x0000000083700000, 0x0000000083700000, 0x0000000083800000|  0%| F|  |TAMS 0x0000000083700000, 0x0000000083700000| Untracked 
|  56|0x0000000083800000, 0x0000000083800000, 0x0000000083900000|  0%| F|  |TAMS 0x0000000083800000, 0x0000000083800000| Untracked 
|  57|0x0000000083900000, 0x0000000083900000, 0x0000000083a00000|  0%| F|  |TAMS 0x0000000083900000, 0x0000000083900000| Untracked 
|  58|0x0000000083a00000, 0x0000000083a00000, 0x0000000083b00000|  0%| F|  |TAMS 0x0000000083a00000, 0x0000000083a00000| Untracked 
|  59|0x0000000083b00000, 0x0000000083b00000, 0x0000000083c00000|  0%| F|  |TAMS 0x0000000083b00000, 0x0000000083b00000| Untracked 
|  60|0x0000000083c00000, 0x0000000083c00000, 0x0000000083d00000|  0%| F|  |TAMS 0x0000000083c00000, 0x0000000083c00000| Untracked 
|  61|0x0000000083d00000, 0x0000000083d00000, 0x0000000083e00000|  0%| F|  |TAMS 0x0000000083d00000, 0x0000000083d00000| Untracked 
|  62|0x0000000083e00000, 0x0000000083e00000, 0x0000000083f00000|  0%| F|  |TAMS 0x0000000083e00000, 0x0000000083e00000| Untracked 
|  63|0x0000000083f00000, 0x0000000083f00000, 0x0000000084000000|  0%| F|  |TAMS 0x0000000083f00000, 0x0000000083f00000| Untracked 
|  64|0x0000000084000000, 0x0000000084000000, 0x0000000084100000|  0%| F|  |TAMS 0x0000000084000000, 0x0000000084000000| Untracked 
|  65|0x0000000084100000, 0x0000000084100000, 0x0000000084200000|  0%| F|  |TAMS 0x0000000084100000, 0x0000000084100000| Untracked 
|  66|0x0000000084200000, 0x0000000084200000, 0x0000000084300000|  0%| F|  |TAMS 0x0000000084200000, 0x0000000084200000| Untracked 
|  67|0x0000000084300000, 0x0000000084300000, 0x0000000084400000|  0%| F|  |TAMS 0x0000000084300000, 0x0000000084300000| Untracked 
|  68|0x0000000084400000, 0x0000000084400000, 0x0000000084500000|  0%| F|  |TAMS 0x0000000084400000, 0x0000000084400000| Untracked 
|  69|0x0000000084500000, 0x0000000084500000, 0x0000000084600000|  0%| F|  |TAMS 0x0000000084500000, 0x0000000084500000| Untracked 
|  70|0x0000000084600000, 0x0000000084600000, 0x0000000084700000|  0%| F|  |TAMS 0x0000000084600000, 0x0000000084600000| Untracked 
|  71|0x0000000084700000, 0x0000000084700000, 0x0000000084800000|  0%| F|  |TAMS 0x0000000084700000, 0x0000000084700000| Untracked 
|  72|0x0000000084800000, 0x0000000084800000, 0x0000000084900000|  0%| F|  |TAMS 0x0000000084800000, 0x0000000084800000| Untracked 
|  73|0x0000000084900000, 0x0000000084900000, 0x0000000084a00000|  0%| F|  |TAMS 0x0000000084900000, 0x0000000084900000| Untracked 
|  74|0x0000000084a00000, 0x0000000084a00000, 0x0000000084b00000|  0%| F|  |TAMS 0x0000000084a00000, 0x0000000084a00000| Untracked 
|  75|0x0000000084b00000, 0x0000000084b00000, 0x0000000084c00000|  0%| F|  |TAMS 0x0000000084b00000, 0x0000000084b00000| Untracked 
|  76|0x0000000084c00000, 0x0000000084c00000, 0x0000000084d00000|  0%| F|  |TAMS 0x0000000084c00000, 0x0000000084c00000| Untracked 
|  77|0x0000000084d00000, 0x0000000084d00000, 0x0000000084e00000|  0%| F|  |TAMS 0x0000000084d00000, 0x0000000084d00000| Untracked 
|  78|0x0000000084e00000, 0x0000000084e00000, 0x0000000084f00000|  0%| F|  |TAMS 0x0000000084e00000, 0x0000000084e00000| Untracked 
|  79|0x0000000084f00000, 0x0000000084f00000, 0x0000000085000000|  0%| F|  |TAMS 0x0000000084f00000, 0x0000000084f00000| Untracked 
|  80|0x0000000085000000, 0x0000000085000000, 0x0000000085100000|  0%| F|  |TAMS 0x0000000085000000, 0x0000000085000000| Untracked 
|  81|0x0000000085100000, 0x0000000085100000, 0x0000000085200000|  0%| F|  |TAMS 0x0000000085100000, 0x0000000085100000| Untracked 
|  82|0x0000000085200000, 0x0000000085200000, 0x0000000085300000|  0%| F|  |TAMS 0x0000000085200000, 0x0000000085200000| Untracked 
|  83|0x0000000085300000, 0x0000000085300000, 0x0000000085400000|  0%| F|  |TAMS 0x0000000085300000, 0x0000000085300000| Untracked 
|  84|0x0000000085400000, 0x0000000085400000, 0x0000000085500000|  0%| F|  |TAMS 0x0000000085400000, 0x0000000085400000| Untracked 
|  85|0x0000000085500000, 0x0000000085500000, 0x0000000085600000|  0%| F|  |TAMS 0x0000000085500000, 0x0000000085500000| Untracked 
|  86|0x0000000085600000, 0x0000000085600000, 0x0000000085700000|  0%| F|  |TAMS 0x0000000085600000, 0x0000000085600000| Untracked 
|  87|0x0000000085700000, 0x0000000085700000, 0x0000000085800000|  0%| F|  |TAMS 0x0000000085700000, 0x0000000085700000| Untracked 
|  88|0x0000000085800000, 0x0000000085800000, 0x0000000085900000|  0%| F|  |TAMS 0x0000000085800000, 0x0000000085800000| Untracked 
|  89|0x0000000085900000, 0x0000000085900000, 0x0000000085a00000|  0%| F|  |TAMS 0x0000000085900000, 0x0000000085900000| Untracked 
|  90|0x0000000085a00000, 0x0000000085a00000, 0x0000000085b00000|  0%| F|  |TAMS 0x0000000085a00000, 0x0000000085a00000| Untracked 
|  91|0x0000000085b00000, 0x0000000085b00000, 0x0000000085c00000|  0%| F|  |TAMS 0x0000000085b00000, 0x0000000085b00000| Untracked 
|  92|0x0000000085c00000, 0x0000000085c00000, 0x0000000085d00000|  0%| F|  |TAMS 0x0000000085c00000, 0x0000000085c00000| Untracked 
|  93|0x0000000085d00000, 0x0000000085d00000, 0x0000000085e00000|  0%| F|  |TAMS 0x0000000085d00000, 0x0000000085d00000| Untracked 
|  94|0x0000000085e00000, 0x0000000085e00000, 0x0000000085f00000|  0%| F|  |TAMS 0x0000000085e00000, 0x0000000085e00000| Untracked 
|  95|0x0000000085f00000, 0x0000000085f00000, 0x0000000086000000|  0%| F|  |TAMS 0x0000000085f00000, 0x0000000085f00000| Untracked 
|  96|0x0000000086000000, 0x0000000086000000, 0x0000000086100000|  0%| F|  |TAMS 0x0000000086000000, 0x0000000086000000| Untracked 
|  97|0x0000000086100000, 0x0000000086100000, 0x0000000086200000|  0%| F|  |TAMS 0x0000000086100000, 0x0000000086100000| Untracked 
|  98|0x0000000086200000, 0x0000000086200000, 0x0000000086300000|  0%| F|  |TAMS 0x0000000086200000, 0x0000000086200000| Untracked 
|  99|0x0000000086300000, 0x0000000086300000, 0x0000000086400000|  0%| F|  |TAMS 0x0000000086300000, 0x0000000086300000| Untracked 
| 100|0x0000000086400000, 0x0000000086400000, 0x0000000086500000|  0%| F|  |TAMS 0x0000000086400000, 0x0000000086400000| Untracked 
| 101|0x0000000086500000, 0x0000000086500000, 0x0000000086600000|  0%| F|  |TAMS 0x0000000086500000, 0x0000000086500000| Untracked 
| 102|0x0000000086600000, 0x0000000086600000, 0x0000000086700000|  0%| F|  |TAMS 0x0000000086600000, 0x0000000086600000| Untracked 
| 103|0x0000000086700000, 0x0000000086700000, 0x0000000086800000|  0%| F|  |TAMS 0x0000000086700000, 0x0000000086700000| Untracked 
| 104|0x0000000086800000, 0x0000000086800000, 0x0000000086900000|  0%| F|  |TAMS 0x0000000086800000, 0x0000000086800000| Untracked 
| 105|0x0000000086900000, 0x0000000086900000, 0x0000000086a00000|  0%| F|  |TAMS 0x0000000086900000, 0x0000000086900000| Untracked 
| 106|0x0000000086a00000, 0x0000000086a00000, 0x0000000086b00000|  0%| F|  |TAMS 0x0000000086a00000, 0x0000000086a00000| Untracked 
| 107|0x0000000086b00000, 0x0000000086b00000, 0x0000000086c00000|  0%| F|  |TAMS 0x0000000086b00000, 0x0000000086b00000| Untracked 
| 108|0x0000000086c00000, 0x0000000086c00000, 0x0000000086d00000|  0%| F|  |TAMS 0x0000000086c00000, 0x0000000086c00000| Untracked 
| 109|0x0000000086d00000, 0x0000000086d00000, 0x0000000086e00000|  0%| F|  |TAMS 0x0000000086d00000, 0x0000000086d00000| Untracked 
| 110|0x0000000086e00000, 0x0000000086e00000, 0x0000000086f00000|  0%| F|  |TAMS 0x0000000086e00000, 0x0000000086e00000| Untracked 
| 111|0x0000000086f00000, 0x0000000086f00000, 0x0000000087000000|  0%| F|  |TAMS 0x0000000086f00000, 0x0000000086f00000| Untracked 
| 112|0x0000000087000000, 0x0000000087000000, 0x0000000087100000|  0%| F|  |TAMS 0x0000000087000000, 0x0000000087000000| Untracked 
| 113|0x0000000087100000, 0x0000000087100000, 0x0000000087200000|  0%| F|  |TAMS 0x0000000087100000, 0x0000000087100000| Untracked 
| 114|0x0000000087200000, 0x0000000087200000, 0x0000000087300000|  0%| F|  |TAMS 0x0000000087200000, 0x0000000087200000| Untracked 
| 115|0x0000000087300000, 0x0000000087300000, 0x0000000087400000|  0%| F|  |TAMS 0x0000000087300000, 0x0000000087300000| Untracked 
| 116|0x0000000087400000, 0x0000000087400000, 0x0000000087500000|  0%| F|  |TAMS 0x0000000087400000, 0x0000000087400000| Untracked 
| 117|0x0000000087500000, 0x0000000087500000, 0x0000000087600000|  0%| F|  |TAMS 0x0000000087500000, 0x0000000087500000| Untracked 
| 118|0x0000000087600000, 0x0000000087600000, 0x0000000087700000|  0%| F|  |TAMS 0x0000000087600000, 0x0000000087600000| Untracked 
| 119|0x0000000087700000, 0x0000000087700000, 0x0000000087800000|  0%| F|  |TAMS 0x0000000087700000, 0x0000000087700000| Untracked 
| 120|0x0000000087800000, 0x0000000087800000, 0x0000000087900000|  0%| F|  |TAMS 0x0000000087800000, 0x0000000087800000| Untracked 
| 121|0x0000000087900000, 0x0000000087900000, 0x0000000087a00000|  0%| F|  |TAMS 0x0000000087900000, 0x0000000087900000| Untracked 
| 122|0x0000000087a00000, 0x0000000087a00000, 0x0000000087b00000|  0%| F|  |TAMS 0x0000000087a00000, 0x0000000087a00000| Untracked 
| 123|0x0000000087b00000, 0x0000000087b00000, 0x0000000087c00000|  0%| F|  |TAMS 0x0000000087b00000, 0x0000000087b00000| Untracked 
| 124|0x0000000087c00000, 0x0000000087c00000, 0x0000000087d00000|  0%| F|  |TAMS 0x0000000087c00000, 0x0000000087c00000| Untracked 
| 125|0x0000000087d00000, 0x0000000087d00000, 0x0000000087e00000|  0%| F|  |TAMS 0x0000000087d00000, 0x0000000087d00000| Untracked 
| 126|0x0000000087e00000, 0x0000000087e00000, 0x0000000087f00000|  0%| F|  |TAMS 0x0000000087e00000, 0x0000000087e00000| Untracked 
| 127|0x0000000087f00000, 0x0000000087f00000, 0x0000000088000000|  0%| F|  |TAMS 0x0000000087f00000, 0x0000000087f00000| Untracked 
| 128|0x0000000088000000, 0x0000000088000000, 0x0000000088100000|  0%| F|  |TAMS 0x0000000088000000, 0x0000000088000000| Untracked 
| 129|0x0000000088100000, 0x0000000088100000, 0x0000000088200000|  0%| F|  |TAMS 0x0000000088100000, 0x0000000088100000| Untracked 
| 130|0x0000000088200000, 0x0000000088200000, 0x0000000088300000|  0%| F|  |TAMS 0x0000000088200000, 0x0000000088200000| Untracked 
| 131|0x0000000088300000, 0x0000000088300000, 0x0000000088400000|  0%| F|  |TAMS 0x0000000088300000, 0x0000000088300000| Untracked 
| 132|0x0000000088400000, 0x0000000088400000, 0x0000000088500000|  0%| F|  |TAMS 0x0000000088400000, 0x0000000088400000| Untracked 
| 133|0x0000000088500000, 0x0000000088500000, 0x0000000088600000|  0%| F|  |TAMS 0x0000000088500000, 0x0000000088500000| Untracked 
| 134|0x0000000088600000, 0x0000000088600000, 0x0000000088700000|  0%| F|  |TAMS 0x0000000088600000, 0x0000000088600000| Untracked 
| 135|0x0000000088700000, 0x0000000088700000, 0x0000000088800000|  0%| F|  |TAMS 0x0000000088700000, 0x0000000088700000| Untracked 
| 136|0x0000000088800000, 0x0000000088800000, 0x0000000088900000|  0%| F|  |TAMS 0x0000000088800000, 0x0000000088800000| Untracked 
| 137|0x0000000088900000, 0x0000000088900000, 0x0000000088a00000|  0%| F|  |TAMS 0x0000000088900000, 0x0000000088900000| Untracked 
| 138|0x0000000088a00000, 0x0000000088a00000, 0x0000000088b00000|  0%| F|  |TAMS 0x0000000088a00000, 0x0000000088a00000| Untracked 
| 139|0x0000000088b00000, 0x0000000088b00000, 0x0000000088c00000|  0%| F|  |TAMS 0x0000000088b00000, 0x0000000088b00000| Untracked 
| 140|0x0000000088c00000, 0x0000000088c00000, 0x0000000088d00000|  0%| F|  |TAMS 0x0000000088c00000, 0x0000000088c00000| Untracked 
| 141|0x0000000088d00000, 0x0000000088d00000, 0x0000000088e00000|  0%| F|  |TAMS 0x0000000088d00000, 0x0000000088d00000| Untracked 
| 142|0x0000000088e00000, 0x0000000088e00000, 0x0000000088f00000|  0%| F|  |TAMS 0x0000000088e00000, 0x0000000088e00000| Untracked 
| 143|0x0000000088f00000, 0x0000000088f00000, 0x0000000089000000|  0%| F|  |TAMS 0x0000000088f00000, 0x0000000088f00000| Untracked 
| 144|0x0000000089000000, 0x0000000089000000, 0x0000000089100000|  0%| F|  |TAMS 0x0000000089000000, 0x0000000089000000| Untracked 
| 145|0x0000000089100000, 0x0000000089100000, 0x0000000089200000|  0%| F|  |TAMS 0x0000000089100000, 0x0000000089100000| Untracked 
| 146|0x0000000089200000, 0x0000000089200000, 0x0000000089300000|  0%| F|  |TAMS 0x0000000089200000, 0x0000000089200000| Untracked 
| 147|0x0000000089300000, 0x0000000089300000, 0x0000000089400000|  0%| F|  |TAMS 0x0000000089300000, 0x0000000089300000| Untracked 
| 148|0x0000000089400000, 0x0000000089400000, 0x0000000089500000|  0%| F|  |TAMS 0x0000000089400000, 0x0000000089400000| Untracked 
| 149|0x0000000089500000, 0x0000000089500000, 0x0000000089600000|  0%| F|  |TAMS 0x0000000089500000, 0x0000000089500000| Untracked 
| 150|0x0000000089600000, 0x0000000089600000, 0x0000000089700000|  0%| F|  |TAMS 0x0000000089600000, 0x0000000089600000| Untracked 
| 151|0x0000000089700000, 0x0000000089700000, 0x0000000089800000|  0%| F|  |TAMS 0x0000000089700000, 0x0000000089700000| Untracked 
| 152|0x0000000089800000, 0x0000000089800000, 0x0000000089900000|  0%| F|  |TAMS 0x0000000089800000, 0x0000000089800000| Untracked 
| 153|0x0000000089900000, 0x0000000089900000, 0x0000000089a00000|  0%| F|  |TAMS 0x0000000089900000, 0x0000000089900000| Untracked 
| 154|0x0000000089a00000, 0x0000000089a00000, 0x0000000089b00000|  0%| F|  |TAMS 0x0000000089a00000, 0x0000000089a00000| Untracked 
| 155|0x0000000089b00000, 0x0000000089b00000, 0x0000000089c00000|  0%| F|  |TAMS 0x0000000089b00000, 0x0000000089b00000| Untracked 
| 156|0x0000000089c00000, 0x0000000089c00000, 0x0000000089d00000|  0%| F|  |TAMS 0x0000000089c00000, 0x0000000089c00000| Untracked 
| 157|0x0000000089d00000, 0x0000000089d00000, 0x0000000089e00000|  0%| F|  |TAMS 0x0000000089d00000, 0x0000000089d00000| Untracked 
| 158|0x0000000089e00000, 0x0000000089e00000, 0x0000000089f00000|  0%| F|  |TAMS 0x0000000089e00000, 0x0000000089e00000| Untracked 
| 159|0x0000000089f00000, 0x0000000089f00000, 0x000000008a000000|  0%| F|  |TAMS 0x0000000089f00000, 0x0000000089f00000| Untracked 
| 160|0x000000008a000000, 0x000000008a000000, 0x000000008a100000|  0%| F|  |TAMS 0x000000008a000000, 0x000000008a000000| Untracked 
| 161|0x000000008a100000, 0x000000008a100000, 0x000000008a200000|  0%| F|  |TAMS 0x000000008a100000, 0x000000008a100000| Untracked 
| 162|0x000000008a200000, 0x000000008a200000, 0x000000008a300000|  0%| F|  |TAMS 0x000000008a200000, 0x000000008a200000| Untracked 
| 163|0x000000008a300000, 0x000000008a300000, 0x000000008a400000|  0%| F|  |TAMS 0x000000008a300000, 0x000000008a300000| Untracked 
| 164|0x000000008a400000, 0x000000008a400000, 0x000000008a500000|  0%| F|  |TAMS 0x000000008a400000, 0x000000008a400000| Untracked 
| 165|0x000000008a500000, 0x000000008a500000, 0x000000008a600000|  0%| F|  |TAMS 0x000000008a500000, 0x000000008a500000| Untracked 
| 166|0x000000008a600000, 0x000000008a600000, 0x000000008a700000|  0%| F|  |TAMS 0x000000008a600000, 0x000000008a600000| Untracked 
| 167|0x000000008a700000, 0x000000008a700000, 0x000000008a800000|  0%| F|  |TAMS 0x000000008a700000, 0x000000008a700000| Untracked 
| 168|0x000000008a800000, 0x000000008a800000, 0x000000008a900000|  0%| F|  |TAMS 0x000000008a800000, 0x000000008a800000| Untracked 
| 169|0x000000008a900000, 0x000000008a900000, 0x000000008aa00000|  0%| F|  |TAMS 0x000000008a900000, 0x000000008a900000| Untracked 
| 170|0x000000008aa00000, 0x000000008aa80800, 0x000000008ab00000| 50%| E|  |TAMS 0x000000008aa00000, 0x000000008aa00000| Complete 
| 171|0x000000008ab00000, 0x000000008ac00000, 0x000000008ac00000|100%| E|CS|TAMS 0x000000008ab00000, 0x000000008ab00000| Complete 
| 172|0x000000008ac00000, 0x000000008ad00000, 0x000000008ad00000|100%| E|CS|TAMS 0x000000008ac00000, 0x000000008ac00000| Complete 
| 173|0x000000008ad00000, 0x000000008ae00000, 0x000000008ae00000|100%| E|CS|TAMS 0x000000008ad00000, 0x000000008ad00000| Complete 
| 174|0x000000008ae00000, 0x000000008af00000, 0x000000008af00000|100%| E|CS|TAMS 0x000000008ae00000, 0x000000008ae00000| Complete 
| 175|0x000000008af00000, 0x000000008b000000, 0x000000008b000000|100%| E|CS|TAMS 0x000000008af00000, 0x000000008af00000| Complete 
| 176|0x000000008b000000, 0x000000008b100000, 0x000000008b100000|100%| E|CS|TAMS 0x000000008b000000, 0x000000008b000000| Complete 
| 177|0x000000008b100000, 0x000000008b200000, 0x000000008b200000|100%| E|CS|TAMS 0x000000008b100000, 0x000000008b100000| Complete 
| 178|0x000000008b200000, 0x000000008b300000, 0x000000008b300000|100%| E|CS|TAMS 0x000000008b200000, 0x000000008b200000| Complete 
| 179|0x000000008b300000, 0x000000008b400000, 0x000000008b400000|100%| E|CS|TAMS 0x000000008b300000, 0x000000008b300000| Complete 
| 180|0x000000008b400000, 0x000000008b500000, 0x000000008b500000|100%| E|CS|TAMS 0x000000008b400000, 0x000000008b400000| Complete 
| 181|0x000000008b500000, 0x000000008b600000, 0x000000008b600000|100%| E|CS|TAMS 0x000000008b500000, 0x000000008b500000| Complete 
| 182|0x000000008b600000, 0x000000008b700000, 0x000000008b700000|100%| E|CS|TAMS 0x000000008b600000, 0x000000008b600000| Complete 
| 183|0x000000008b700000, 0x000000008b800000, 0x000000008b800000|100%| E|CS|TAMS 0x000000008b700000, 0x000000008b700000| Complete 
| 184|0x000000008b800000, 0x000000008b900000, 0x000000008b900000|100%| E|CS|TAMS 0x000000008b800000, 0x000000008b800000| Complete 
| 185|0x000000008b900000, 0x000000008ba00000, 0x000000008ba00000|100%| E|CS|TAMS 0x000000008b900000, 0x000000008b900000| Complete 
| 186|0x000000008ba00000, 0x000000008bb00000, 0x000000008bb00000|100%| E|CS|TAMS 0x000000008ba00000, 0x000000008ba00000| Complete 
| 187|0x000000008bb00000, 0x000000008bc00000, 0x000000008bc00000|100%| E|CS|TAMS 0x000000008bb00000, 0x000000008bb00000| Complete 
| 188|0x000000008bc00000, 0x000000008bd00000, 0x000000008bd00000|100%| E|CS|TAMS 0x000000008bc00000, 0x000000008bc00000| Complete 
| 189|0x000000008bd00000, 0x000000008be00000, 0x000000008be00000|100%| E|CS|TAMS 0x000000008bd00000, 0x000000008bd00000| Complete 
| 190|0x000000008be00000, 0x000000008bf00000, 0x000000008bf00000|100%| E|CS|TAMS 0x000000008be00000, 0x000000008be00000| Complete 
| 191|0x000000008bf00000, 0x000000008c000000, 0x000000008c000000|100%| E|CS|TAMS 0x000000008bf00000, 0x000000008bf00000| Complete 
| 192|0x000000008c000000, 0x000000008c100000, 0x000000008c100000|100%| E|CS|TAMS 0x000000008c000000, 0x000000008c000000| Complete 
| 193|0x000000008c100000, 0x000000008c200000, 0x000000008c200000|100%| E|CS|TAMS 0x000000008c100000, 0x000000008c100000| Complete 
| 194|0x000000008c200000, 0x000000008c300000, 0x000000008c300000|100%| E|CS|TAMS 0x000000008c200000, 0x000000008c200000| Complete 
| 195|0x000000008c300000, 0x000000008c400000, 0x000000008c400000|100%| E|CS|TAMS 0x000000008c300000, 0x000000008c300000| Complete 
| 196|0x000000008c400000, 0x000000008c500000, 0x000000008c500000|100%| E|CS|TAMS 0x000000008c400000, 0x000000008c400000| Complete 
| 197|0x000000008c500000, 0x000000008c600000, 0x000000008c600000|100%| E|CS|TAMS 0x000000008c500000, 0x000000008c500000| Complete 
| 198|0x000000008c600000, 0x000000008c700000, 0x000000008c700000|100%| E|CS|TAMS 0x000000008c600000, 0x000000008c600000| Complete 
| 199|0x000000008c700000, 0x000000008c800000, 0x000000008c800000|100%| E|CS|TAMS 0x000000008c700000, 0x000000008c700000| Complete 
| 200|0x000000008c800000, 0x000000008c900000, 0x000000008c900000|100%| E|CS|TAMS 0x000000008c800000, 0x000000008c800000| Complete 
| 201|0x000000008c900000, 0x000000008ca00000, 0x000000008ca00000|100%| E|CS|TAMS 0x000000008c900000, 0x000000008c900000| Complete 
| 202|0x000000008ca00000, 0x000000008cb00000, 0x000000008cb00000|100%| E|CS|TAMS 0x000000008ca00000, 0x000000008ca00000| Complete 
| 203|0x000000008cb00000, 0x000000008cc00000, 0x000000008cc00000|100%| E|CS|TAMS 0x000000008cb00000, 0x000000008cb00000| Complete 
| 204|0x000000008cc00000, 0x000000008cd00000, 0x000000008cd00000|100%| E|CS|TAMS 0x000000008cc00000, 0x000000008cc00000| Complete 
| 205|0x000000008cd00000, 0x000000008ce00000, 0x000000008ce00000|100%| E|CS|TAMS 0x000000008cd00000, 0x000000008cd00000| Complete 
| 206|0x000000008ce00000, 0x000000008cf00000, 0x000000008cf00000|100%| E|CS|TAMS 0x000000008ce00000, 0x000000008ce00000| Complete 
| 207|0x000000008cf00000, 0x000000008d000000, 0x000000008d000000|100%| E|CS|TAMS 0x000000008cf00000, 0x000000008cf00000| Complete 
| 208|0x000000008d000000, 0x000000008d100000, 0x000000008d100000|100%| E|CS|TAMS 0x000000008d000000, 0x000000008d000000| Complete 
| 209|0x000000008d100000, 0x000000008d200000, 0x000000008d200000|100%| E|CS|TAMS 0x000000008d100000, 0x000000008d100000| Complete 
| 210|0x000000008d200000, 0x000000008d300000, 0x000000008d300000|100%| E|CS|TAMS 0x000000008d200000, 0x000000008d200000| Complete 
| 211|0x000000008d300000, 0x000000008d400000, 0x000000008d400000|100%| E|CS|TAMS 0x000000008d300000, 0x000000008d300000| Complete 
| 212|0x000000008d400000, 0x000000008d500000, 0x000000008d500000|100%| E|CS|TAMS 0x000000008d400000, 0x000000008d400000| Complete 
| 213|0x000000008d500000, 0x000000008d600000, 0x000000008d600000|100%| E|CS|TAMS 0x000000008d500000, 0x000000008d500000| Complete 
| 214|0x000000008d600000, 0x000000008d700000, 0x000000008d700000|100%| E|CS|TAMS 0x000000008d600000, 0x000000008d600000| Complete 
| 215|0x000000008d700000, 0x000000008d800000, 0x000000008d800000|100%| E|CS|TAMS 0x000000008d700000, 0x000000008d700000| Complete 
| 216|0x000000008d800000, 0x000000008d900000, 0x000000008d900000|100%| E|CS|TAMS 0x000000008d800000, 0x000000008d800000| Complete 
| 217|0x000000008d900000, 0x000000008da00000, 0x000000008da00000|100%| E|CS|TAMS 0x000000008d900000, 0x000000008d900000| Complete 
| 218|0x000000008da00000, 0x000000008dac2a00, 0x000000008db00000| 76%| S|CS|TAMS 0x000000008da00000, 0x000000008da00000| Complete 
| 219|0x000000008db00000, 0x000000008dc00000, 0x000000008dc00000|100%| S|CS|TAMS 0x000000008db00000, 0x000000008db00000| Complete 
| 220|0x000000008dc00000, 0x000000008dd00000, 0x000000008dd00000|100%| S|CS|TAMS 0x000000008dc00000, 0x000000008dc00000| Complete 
| 221|0x000000008dd00000, 0x000000008de00000, 0x000000008de00000|100%| S|CS|TAMS 0x000000008dd00000, 0x000000008dd00000| Complete 
| 222|0x000000008de00000, 0x000000008df00000, 0x000000008df00000|100%| E|CS|TAMS 0x000000008de00000, 0x000000008de00000| Complete 
| 223|0x000000008df00000, 0x000000008e000000, 0x000000008e000000|100%| E|CS|TAMS 0x000000008df00000, 0x000000008df00000| Complete 
| 224|0x000000008e000000, 0x000000008e100000, 0x000000008e100000|100%| E|CS|TAMS 0x000000008e000000, 0x000000008e000000| Complete 
| 225|0x000000008e100000, 0x000000008e200000, 0x000000008e200000|100%| E|CS|TAMS 0x000000008e100000, 0x000000008e100000| Complete 
| 226|0x000000008e200000, 0x000000008e300000, 0x000000008e300000|100%| E|CS|TAMS 0x000000008e200000, 0x000000008e200000| Complete 
| 227|0x000000008e300000, 0x000000008e400000, 0x000000008e400000|100%| E|CS|TAMS 0x000000008e300000, 0x000000008e300000| Complete 
| 228|0x000000008e400000, 0x000000008e500000, 0x000000008e500000|100%| E|CS|TAMS 0x000000008e400000, 0x000000008e400000| Complete 
| 229|0x000000008e500000, 0x000000008e600000, 0x000000008e600000|100%| E|CS|TAMS 0x000000008e500000, 0x000000008e500000| Complete 
| 230|0x000000008e600000, 0x000000008e700000, 0x000000008e700000|100%| E|CS|TAMS 0x000000008e600000, 0x000000008e600000| Complete 
| 231|0x000000008e700000, 0x000000008e800000, 0x000000008e800000|100%| E|CS|TAMS 0x000000008e700000, 0x000000008e700000| Complete 
| 232|0x000000008e800000, 0x000000008e900000, 0x000000008e900000|100%| E|CS|TAMS 0x000000008e800000, 0x000000008e800000| Complete 
| 233|0x000000008e900000, 0x000000008ea00000, 0x000000008ea00000|100%| E|CS|TAMS 0x000000008e900000, 0x000000008e900000| Complete 
| 234|0x000000008ea00000, 0x000000008eb00000, 0x000000008eb00000|100%| E|CS|TAMS 0x000000008ea00000, 0x000000008ea00000| Complete 
| 235|0x000000008eb00000, 0x000000008ec00000, 0x000000008ec00000|100%| E|CS|TAMS 0x000000008eb00000, 0x000000008eb00000| Complete 
| 236|0x000000008ec00000, 0x000000008ed00000, 0x000000008ed00000|100%| E|CS|TAMS 0x000000008ec00000, 0x000000008ec00000| Complete 
| 237|0x000000008ed00000, 0x000000008ee00000, 0x000000008ee00000|100%| E|CS|TAMS 0x000000008ed00000, 0x000000008ed00000| Complete 
| 238|0x000000008ee00000, 0x000000008ef00000, 0x000000008ef00000|100%| E|CS|TAMS 0x000000008ee00000, 0x000000008ee00000| Complete 
| 239|0x000000008ef00000, 0x000000008f000000, 0x000000008f000000|100%| E|CS|TAMS 0x000000008ef00000, 0x000000008ef00000| Complete 
| 240|0x000000008f000000, 0x000000008f100000, 0x000000008f100000|100%| E|CS|TAMS 0x000000008f000000, 0x000000008f000000| Complete 
| 241|0x000000008f100000, 0x000000008f200000, 0x000000008f200000|100%| E|CS|TAMS 0x000000008f100000, 0x000000008f100000| Complete 
| 242|0x000000008f200000, 0x000000008f300000, 0x000000008f300000|100%| E|CS|TAMS 0x000000008f200000, 0x000000008f200000| Complete 
| 243|0x000000008f300000, 0x000000008f400000, 0x000000008f400000|100%| E|CS|TAMS 0x000000008f300000, 0x000000008f300000| Complete 
| 244|0x000000008f400000, 0x000000008f500000, 0x000000008f500000|100%| E|CS|TAMS 0x000000008f400000, 0x000000008f400000| Complete 
| 245|0x000000008f500000, 0x000000008f600000, 0x000000008f600000|100%| E|CS|TAMS 0x000000008f500000, 0x000000008f500000| Complete 
| 246|0x000000008f600000, 0x000000008f700000, 0x000000008f700000|100%| E|CS|TAMS 0x000000008f600000, 0x000000008f600000| Complete 
| 247|0x000000008f700000, 0x000000008f800000, 0x000000008f800000|100%| E|CS|TAMS 0x000000008f700000, 0x000000008f700000| Complete 
| 248|0x000000008f800000, 0x000000008f900000, 0x000000008f900000|100%| E|CS|TAMS 0x000000008f800000, 0x000000008f800000| Complete 
| 249|0x000000008f900000, 0x000000008fa00000, 0x000000008fa00000|100%| E|CS|TAMS 0x000000008f900000, 0x000000008f900000| Complete 
| 250|0x000000008fa00000, 0x000000008fb00000, 0x000000008fb00000|100%| E|CS|TAMS 0x000000008fa00000, 0x000000008fa00000| Complete 
| 251|0x000000008fb00000, 0x000000008fc00000, 0x000000008fc00000|100%| E|CS|TAMS 0x000000008fb00000, 0x000000008fb00000| Complete 
| 252|0x000000008fc00000, 0x000000008fd00000, 0x000000008fd00000|100%| E|CS|TAMS 0x000000008fc00000, 0x000000008fc00000| Complete 
| 253|0x000000008fd00000, 0x000000008fe00000, 0x000000008fe00000|100%| E|CS|TAMS 0x000000008fd00000, 0x000000008fd00000| Complete 

Card table byte_map: [0x0000023b63750000,0x0000023b63b50000] _byte_map_base: 0x0000023b63350000

Marking Bits (Prev, Next): (CMBitMap*) 0x0000023b4c133050, (CMBitMap*) 0x0000023b4c133090
 Prev Bits: [0x0000023b63f50000, 0x0000023b65f50000)
 Next Bits: [0x0000023b65f50000, 0x0000023b67f50000)

Polling page: 0x0000023b4b890000

Metaspace:

Usage:
  Non-class:     16.23 MB used.
      Class:      2.70 MB used.
       Both:     18.93 MB used.

Virtual space:
  Non-class space:       64.00 MB reserved,      16.56 MB ( 26%) committed,  1 nodes.
      Class space:      412.00 MB reserved,       3.06 MB ( <1%) committed,  1 nodes.
             Both:      476.00 MB reserved,      19.62 MB (  4%) committed. 

Chunk freelists:
   Non-Class:  2.79 MB
       Class:  999.00 KB
        Both:  3.76 MB

MaxMetaspaceSize: 512.00 MB
CompressedClassSpaceSize: 412.00 MB
Initial GC threshold: 21.00 MB
Current GC threshold: 21.00 MB
CDS: on
MetaspaceReclaimPolicy: balanced
 - commit_granule_bytes: 65536.
 - commit_granule_words: 8192.
 - virtual_space_node_default_size: 8388608.
 - enlarge_chunks_in_place: 1.
 - new_chunks_are_fully_committed: 0.
 - uncommit_free_chunks: 1.
 - use_allocation_guard: 0.


Internal statistics:

num_allocs_failed_limit: 0.
num_arena_births: 1000.
num_arena_deaths: 0.
num_vsnodes_births: 2.
num_vsnodes_deaths: 0.
num_space_committed: 314.
num_space_uncommitted: 0.
num_chunks_returned_to_freelist: 0.
num_chunks_taken_from_freelist: 1817.
num_chunk_merges: 0.
num_chunk_splits: 1159.
num_chunks_enlarged: 717.
num_inconsistent_stats: 0.

CodeHeap 'non-profiled nmethods': size=120000Kb used=1301Kb max_used=1301Kb free=118699Kb
 bounds [0x0000023b5baf0000, 0x0000023b5bd60000, 0x0000023b63020000]
CodeHeap 'profiled nmethods': size=120000Kb used=5998Kb max_used=5998Kb free=114001Kb
 bounds [0x0000023b54020000, 0x0000023b54600000, 0x0000023b5b550000]
CodeHeap 'non-nmethods': size=5760Kb used=1323Kb max_used=1394Kb free=4437Kb
 bounds [0x0000023b5b550000, 0x0000023b5b7c0000, 0x0000023b5baf0000]
 total_blobs=3383 nmethods=2828 adapters=465
 compilation: enabled
              stopped_count=0, restarted_count=0
 full_count=0

Compilation events (20 events):
Event: 5.212 Thread 0x0000023b6aa341c0 2830       3       jdk.internal.org.objectweb.asm.SymbolTable::addUninitializedType (103 bytes)
Event: 5.213 Thread 0x0000023b6aa341c0 nmethod 2830 0x0000023b545eee10 code [0x0000023b545ef020, 0x0000023b545ef5d8]
Event: 5.213 Thread 0x0000023b6aa341c0 2831       3       jdk.internal.org.objectweb.asm.Frame::getAbstractTypeFromDescriptor (415 bytes)
Event: 5.214 Thread 0x0000023b6aa341c0 nmethod 2831 0x0000023b545ef890 code [0x0000023b545efc40, 0x0000023b545f17d8]
Event: 5.214 Thread 0x0000023b6aa341c0 2832       3       java.lang.ClassLoader::createOrGetClassLoaderValueMap (37 bytes)
Event: 5.215 Thread 0x0000023b6aa341c0 nmethod 2832 0x0000023b545f2090 code [0x0000023b545f2260, 0x0000023b545f25e8]
Event: 5.218 Thread 0x0000023b6aa341c0 2833       3       java.lang.invoke.MethodType::methodType (44 bytes)
Event: 5.218 Thread 0x0000023b6aa341c0 nmethod 2833 0x0000023b545f2710 code [0x0000023b545f2900, 0x0000023b545f2dc8]
Event: 5.260 Thread 0x0000023b6aa341c0 2834       3       java.lang.invoke.MethodHandleImpl::makeIntrinsic (7 bytes)
Event: 5.260 Thread 0x0000023b6aa341c0 nmethod 2834 0x0000023b545f2f10 code [0x0000023b545f30c0, 0x0000023b545f31e8]
Event: 5.260 Thread 0x0000023b6aa341c0 2835       3       java.lang.invoke.MethodHandleImpl::makeIntrinsic (21 bytes)
Event: 5.261 Thread 0x0000023b6aa341c0 nmethod 2835 0x0000023b545f3290 code [0x0000023b545f34a0, 0x0000023b545f3cc8]
Event: 5.264 Thread 0x0000023b6aa341c0 2836   !   3       org.gradle.internal.service.DefaultServiceRegistry$FactoryService::bind (283 bytes)
Event: 5.267 Thread 0x0000023b6aa341c0 nmethod 2836 0x0000023b545f3f10 code [0x0000023b545f4600, 0x0000023b545f8e38]
Event: 5.267 Thread 0x0000023b6aa341c0 2838       3       org.gradle.internal.service.DefaultServiceRegistry$FactoryService::assembleParameters (58 bytes)
Event: 5.267 Thread 0x0000023b6aa341c0 nmethod 2838 0x0000023b545fa490 code [0x0000023b545fa680, 0x0000023b545faca8]
Event: 5.267 Thread 0x0000023b6aa341c0 2837       3       org.gradle.internal.service.DefaultServiceRegistry$FactoryService::createServiceInstance (18 bytes)
Event: 5.268 Thread 0x0000023b6aa341c0 nmethod 2837 0x0000023b545fae90 code [0x0000023b545fb040, 0x0000023b545fb278]
Event: 5.268 Thread 0x0000023b6aa341c0 2839       3       java.lang.invoke.DelegatingMethodHandle::internalMemberName (8 bytes)
Event: 5.268 Thread 0x0000023b6aa341c0 nmethod 2839 0x0000023b545fb390 code [0x0000023b545fb540, 0x0000023b545fb7d8]

GC Heap History (4 events):
Event: 0.970 GC heap before
{Heap before GC invocations=0 (full 0):
 garbage-first heap   total 260096K, used 27648K [0x0000000080000000, 0x0000000100000000)
  region size 1024K, 23 young (23552K), 0 survivors (0K)
 Metaspace       used 3105K, committed 3264K, reserved 487424K
  class space    used 377K, committed 448K, reserved 421888K
}
Event: 1.004 GC heap after
{Heap after GC invocations=1 (full 0):
 garbage-first heap   total 260096K, used 10015K [0x0000000080000000, 0x0000000100000000)
  region size 1024K, 3 young (3072K), 3 survivors (3072K)
 Metaspace       used 3105K, committed 3264K, reserved 487424K
  class space    used 377K, committed 448K, reserved 421888K
}
Event: 1.722 GC heap before
{Heap before GC invocations=1 (full 0):
 garbage-first heap   total 260096K, used 39711K [0x0000000080000000, 0x0000000100000000)
  region size 1024K, 32 young (32768K), 3 survivors (3072K)
 Metaspace       used 4038K, committed 4224K, reserved 487424K
  class space    used 470K, committed 576K, reserved 421888K
}
Event: 1.725 GC heap after
{Heap after GC invocations=2 (full 0):
 garbage-first heap   total 260096K, used 13887K [0x0000000080000000, 0x0000000100000000)
  region size 1024K, 4 young (4096K), 4 survivors (4096K)
 Metaspace       used 4038K, committed 4224K, reserved 487424K
  class space    used 470K, committed 576K, reserved 421888K
}

Dll operation events (13 events):
Event: 0.008 Loaded shared library C:\Program Files\Java\jdk-19\bin\java.dll
Event: 0.019 Loaded shared library C:\Program Files\Java\jdk-19\bin\jsvml.dll
Event: 0.058 Loaded shared library C:\Program Files\Java\jdk-19\bin\net.dll
Event: 0.059 Loaded shared library C:\Program Files\Java\jdk-19\bin\nio.dll
Event: 0.062 Loaded shared library C:\Program Files\Java\jdk-19\bin\zip.dll
Event: 0.260 Loaded shared library C:\Program Files\Java\jdk-19\bin\jimage.dll
Event: 0.393 Loaded shared library C:\Program Files\Java\jdk-19\bin\verify.dll
Event: 0.748 Loaded shared library C:\Users\Phong Vu\.gradle\native\68d5fa5c4cc2d200863cafc0d521ce42e7d3e7ee720ec0a83991735586a16f82\windows-amd64\native-platform.dll
Event: 0.754 Loaded shared library C:\Users\Phong Vu\.gradle\native\e376f236ea51e6404a007f0833ffe2c6e607c4080706a723a18a27aeea778392\windows-amd64\native-platform-file-events.dll
Event: 2.291 Loaded shared library C:\Program Files\Java\jdk-19\bin\management.dll
Event: 2.292 Loaded shared library C:\Program Files\Java\jdk-19\bin\management_ext.dll
Event: 2.637 Loaded shared library C:\Program Files\Java\jdk-19\bin\extnet.dll
Event: 3.220 Loaded shared library C:\Program Files\Java\jdk-19\bin\sunmscapi.dll

Deoptimization events (20 events):
Event: 4.698 Thread 0x0000023b706375b0 Uncommon trap: trap_request=0xffffff45 fr.pc=0x0000023b5bbf6504 relative=0x00000000000001e4
Event: 4.698 Thread 0x0000023b706375b0 Uncommon trap: reason=unstable_if action=reinterpret pc=0x0000023b5bbf6504 method=java.util.HashMap.getNode(Ljava/lang/Object;)Ljava/util/HashMap$Node; @ 131 c2
Event: 4.698 Thread 0x0000023b706375b0 DEOPT PACKING pc=0x0000023b5bbf6504 sp=0x0000008aa77fb9c0
Event: 4.698 Thread 0x0000023b706375b0 DEOPT UNPACKING pc=0x0000023b5b5b6da3 sp=0x0000008aa77fb8d0 mode 2
Event: 4.698 Thread 0x0000023b706375b0 Uncommon trap: trap_request=0xffffff45 fr.pc=0x0000023b5bbf51e8 relative=0x0000000000000868
Event: 4.698 Thread 0x0000023b706375b0 Uncommon trap: reason=unstable_if action=reinterpret pc=0x0000023b5bbf51e8 method=java.util.HashMap.putVal(ILjava/lang/Object;Ljava/lang/Object;ZZ)Ljava/lang/Object; @ 206 c2
Event: 4.698 Thread 0x0000023b706375b0 DEOPT PACKING pc=0x0000023b5bbf51e8 sp=0x0000008aa77fb930
Event: 4.698 Thread 0x0000023b706375b0 DEOPT UNPACKING pc=0x0000023b5b5b6da3 sp=0x0000008aa77fb8c8 mode 2
Event: 4.875 Thread 0x0000023b706375b0 Uncommon trap: trap_request=0xffffff45 fr.pc=0x0000023b5bb22a04 relative=0x00000000000000e4
Event: 4.875 Thread 0x0000023b706375b0 Uncommon trap: reason=unstable_if action=reinterpret pc=0x0000023b5bb22a04 method=java.util.HashMap.hash(Ljava/lang/Object;)I @ 1 c2
Event: 4.875 Thread 0x0000023b706375b0 DEOPT PACKING pc=0x0000023b5bb22a04 sp=0x0000008aa77faf00
Event: 4.875 Thread 0x0000023b706375b0 DEOPT UNPACKING pc=0x0000023b5b5b6da3 sp=0x0000008aa77fae40 mode 2
Event: 5.205 Thread 0x0000023b706375b0 Uncommon trap: trap_request=0xffffff45 fr.pc=0x0000023b5bc2ac38 relative=0x0000000000000af8
Event: 5.205 Thread 0x0000023b706375b0 Uncommon trap: reason=unstable_if action=reinterpret pc=0x0000023b5bc2ac38 method=jdk.internal.org.objectweb.asm.SymbolTable.addType(Ljava/lang/String;)I @ 33 c2
Event: 5.205 Thread 0x0000023b706375b0 DEOPT PACKING pc=0x0000023b5bc2ac38 sp=0x0000008aa77fbed0
Event: 5.205 Thread 0x0000023b706375b0 DEOPT UNPACKING pc=0x0000023b5b5b6da3 sp=0x0000008aa77fbe08 mode 2
Event: 5.205 Thread 0x0000023b706375b0 Uncommon trap: trap_request=0xffffff45 fr.pc=0x0000023b5bc046cc relative=0x000000000000038c
Event: 5.205 Thread 0x0000023b706375b0 Uncommon trap: reason=unstable_if action=reinterpret pc=0x0000023b5bc046cc method=jdk.internal.org.objectweb.asm.SymbolTable.addType(Ljava/lang/String;)I @ 33 c2
Event: 5.205 Thread 0x0000023b706375b0 DEOPT PACKING pc=0x0000023b5bc046cc sp=0x0000008aa77fbfa0
Event: 5.205 Thread 0x0000023b706375b0 DEOPT UNPACKING pc=0x0000023b5b5b6da3 sp=0x0000008aa77fbf38 mode 2

Classes loaded (20 events):
Event: 4.421 Loading class java/io/ObjectInput done
Event: 4.421 Loading class java/io/ObjectStreamConstants
Event: 4.421 Loading class java/io/ObjectStreamConstants done
Event: 4.421 Loading class java/io/ObjectInputStream done
Event: 4.422 Loading class java/io/ObjectOutputStream
Event: 4.422 Loading class java/io/ObjectOutput
Event: 4.422 Loading class java/io/ObjectOutput done
Event: 4.423 Loading class java/io/ObjectOutputStream done
Event: 4.619 Loading class javax/xml/parsers/ParserConfigurationException
Event: 4.619 Loading class javax/xml/parsers/ParserConfigurationException done
Event: 4.619 Loading class org/xml/sax/SAXException
Event: 4.619 Loading class org/xml/sax/SAXException done
Event: 4.619 Loading class javax/xml/xpath/XPathExpressionException
Event: 4.619 Loading class javax/xml/xpath/XPathException
Event: 4.620 Loading class javax/xml/xpath/XPathException done
Event: 4.620 Loading class javax/xml/xpath/XPathExpressionException done
Event: 4.620 Loading class org/xml/sax/ErrorHandler
Event: 4.620 Loading class org/xml/sax/ErrorHandler done
Event: 5.177 Loading class java/lang/annotation/IncompleteAnnotationException
Event: 5.177 Loading class java/lang/annotation/IncompleteAnnotationException done

Classes unloaded (0 events):
No events

Classes redefined (0 events):
No events

Internal exceptions (20 events):
Event: 4.140 Thread 0x0000023b706375b0 Exception <a 'java/lang/NoSuchMethodError'{0x000000008ca4bc18}: 'java.lang.Object java.lang.invoke.DirectMethodHandle$Holder.invokeStatic(java.lang.Object, java.lang.Object, java.lang.Object, java.lang.Object, java.lang.Object, java.lang.Object, java.lang.Object, java.lang.Object, java.lang.Object, java.lang.Object, java.lang.Object, java.lang.Object, java.lang.Object, java.lang.Object, java.lang.Object, java.lang.Object, java.lang.Object, java.lang.Object, java.lang.Object, java.lang.Object, java.lang.Obj
Event: 4.145 Thread 0x0000023b706375b0 Exception <a 'java/lang/NoSuchMethodError'{0x000000008ca7a510}: 'java.lang.Object java.lang.invoke.DirectMethodHandle$Holder.invokeStatic(java.lang.Object, java.lang.Object, java.lang.Object, java.lang.Object, java.lang.Object, java.lang.Object, java.lang.Object, java.lang.Object, java.lang.Object, java.lang.Object, java.lang.Object, java.lang.Object, java.lang.Object, java.lang.Object, java.lang.Object, java.lang.Object, java.lang.Object, java.lang.Object, java.lang.Object, java.lang.Object, java.lang.Obj
Event: 4.320 Thread 0x0000023b706375b0 Exception <a 'java/lang/IncompatibleClassChangeError'{0x000000008c6eb4a8}: Found class java.lang.Object, but interface was expected> (0x000000008c6eb4a8) 
thrown [s\open\src\hotspot\share\interpreter\linkResolver.cpp, line 841]
Event: 4.333 Thread 0x0000023b706375b0 Implicit null exception at 0x0000023b5bbdaff1 to 0x0000023b5bbdb17c
Event: 4.405 Thread 0x0000023b706375b0 Exception <a 'java/lang/NoSuchMethodError'{0x000000008c4c7dc0}: 'int java.lang.invoke.DirectMethodHandle$Holder.invokeSpecialIFC(java.lang.Object, java.lang.Object, java.lang.Object, java.lang.Object)'> (0x000000008c4c7dc0) 
thrown [s\open\src\hotspot\share\interpreter\linkResolver.cpp, line 774]
Event: 4.407 Thread 0x0000023b706375b0 Exception <a 'java/lang/NoSuchMethodError'{0x000000008c4d70b0}: 'java.lang.Object java.lang.invoke.DirectMethodHandle$Holder.invokeInterface(java.lang.Object, java.lang.Object, java.lang.Object)'> (0x000000008c4d70b0) 
thrown [s\open\src\hotspot\share\interpreter\linkResolver.cpp, line 774]
Event: 4.407 Thread 0x0000023b706375b0 Exception <a 'java/lang/IncompatibleClassChangeError'{0x000000008c4dace0}: Found class java.lang.Object, but interface was expected> (0x000000008c4dace0) 
thrown [s\open\src\hotspot\share\interpreter\linkResolver.cpp, line 841]
Event: 4.409 Thread 0x0000023b706375b0 Exception <a 'java/lang/NoSuchMethodError'{0x000000008c4ec9c0}: 'java.lang.Object java.lang.invoke.DirectMethodHandle$Holder.newInvokeSpecial(java.lang.Object, java.lang.Object, java.lang.Object, java.lang.Object, java.lang.Object, java.lang.Object, java.lang.Object, java.lang.Object, java.lang.Object, java.lang.Object)'> (0x000000008c4ec9c0) 
thrown [s\open\src\hotspot\share\interpreter\linkResolver.cpp, line 774]
Event: 4.433 Thread 0x0000023b706375b0 Exception <a 'java/lang/NoSuchMethodError'{0x000000008c3f0438}: 'java.lang.Object java.lang.invoke.DirectMethodHandle$Holder.invokeVirtual(java.lang.Object, java.lang.Object, java.lang.Object, java.lang.Object, java.lang.Object, java.lang.Object, java.lang.Object, java.lang.Object, java.lang.Object, java.lang.Object, java.lang.Object, java.lang.Object, java.lang.Object, java.lang.Object, java.lang.Object, java.lang.Object, java.lang.Object, java.lang.Object, java.lang.Object, java.lang.Object, java.lang.Ob
Event: 4.434 Thread 0x0000023b706375b0 Exception <a 'java/lang/NoSuchMethodError'{0x000000008c3f63a8}: 'java.lang.Object java.lang.invoke.DirectMethodHandle$Holder.invokeSpecial(java.lang.Object, java.lang.Object, java.lang.Object, java.lang.Object, java.lang.Object, java.lang.Object, java.lang.Object, java.lang.Object, java.lang.Object, java.lang.Object, java.lang.Object, java.lang.Object, java.lang.Object, java.lang.Object, java.lang.Object, java.lang.Object, java.lang.Object, java.lang.Object, java.lang.Object, java.lang.Object, java.lang.Ob
Event: 4.434 Thread 0x0000023b706375b0 Exception <a 'java/lang/NoSuchMethodError'{0x000000008c3fba68}: 'java.lang.Object java.lang.invoke.DelegatingMethodHandle$Holder.reinvoke_L(java.lang.Object, java.lang.Object, java.lang.Object, java.lang.Object, java.lang.Object, java.lang.Object, java.lang.Object, java.lang.Object, java.lang.Object, java.lang.Object, java.lang.Object, java.lang.Object, java.lang.Object, java.lang.Object, java.lang.Object, java.lang.Object, java.lang.Object, java.lang.Object, java.lang.Object, java.lang.Object, java.lang.O
Event: 4.450 Thread 0x0000023b706375b0 Exception <a 'java/lang/NoSuchMethodError'{0x000000008c2ac710}: 'int java.lang.invoke.DirectMethodHandle$Holder.invokeStatic(java.lang.Object, java.lang.Object, java.lang.Object, java.lang.Object)'> (0x000000008c2ac710) 
thrown [s\open\src\hotspot\share\interpreter\linkResolver.cpp, line 774]
Event: 4.541 Thread 0x0000023b706375b0 Exception <a 'java/lang/NoSuchMethodError'{0x000000008bf9ea20}: 'java.lang.Object java.lang.invoke.DirectMethodHandle$Holder.invokeSpecial(java.lang.Object, java.lang.Object, java.lang.Object, java.lang.Object, java.lang.Object, java.lang.Object, java.lang.Object, java.lang.Object, java.lang.Object, java.lang.Object, java.lang.Object, java.lang.Object, java.lang.Object, java.lang.Object, java.lang.Object, java.lang.Object, java.lang.Object, java.lang.Object, java.lang.Object, java.lang.Object, java.lang.Ob
Event: 4.652 Thread 0x0000023b706375b0 Exception <a 'java/lang/NoSuchMethodError'{0x000000008bbeec08}: 'void java.lang.invoke.DirectMethodHandle$Holder.invokeStatic(java.lang.Object, java.lang.Object)'> (0x000000008bbeec08) 
thrown [s\open\src\hotspot\share\interpreter\linkResolver.cpp, line 774]
Event: 4.706 Thread 0x0000023b706375b0 Exception <a 'java/lang/NoSuchMethodError'{0x000000008b9dae70}: 'java.lang.Object java.lang.invoke.DirectMethodHandle$Holder.newInvokeSpecial(java.lang.Object, java.lang.Object, java.lang.Object, java.lang.Object, java.lang.Object, java.lang.Object, java.lang.Object)'> (0x000000008b9dae70) 
thrown [s\open\src\hotspot\share\interpreter\linkResolver.cpp, line 774]
Event: 4.875 Thread 0x0000023b706375b0 Implicit null exception at 0x0000023b5bb22960 to 0x0000023b5bb229fa
Event: 5.134 Thread 0x0000023b706375b0 Exception <a 'java/lang/NoSuchMethodError'{0x000000008ae131d0}: 'void java.lang.invoke.DirectMethodHandle$Holder.invokeStaticInit(java.lang.Object, java.lang.Object)'> (0x000000008ae131d0) 
thrown [s\open\src\hotspot\share\interpreter\linkResolver.cpp, line 774]
Event: 5.153 Thread 0x0000023b706375b0 Exception <a 'java/lang/NoSuchMethodError'{0x000000008aec9f28}: 'java.lang.Object java.lang.invoke.DirectMethodHandle$Holder.newInvokeSpecial(java.lang.Object, java.lang.Object, java.lang.Object, java.lang.Object, java.lang.Object, java.lang.Object, java.lang.Object, java.lang.Object)'> (0x000000008aec9f28) 
thrown [s\open\src\hotspot\share\interpreter\linkResolver.cpp, line 774]
Event: 5.178 Thread 0x0000023b706375b0 Exception <a 'java/lang/NoSuchMethodError'{0x000000008ac0f678}: 'java.lang.Object java.lang.invoke.DirectMethodHandle$Holder.invokeStaticInit(java.lang.Object, java.lang.Object, java.lang.Object)'> (0x000000008ac0f678) 
thrown [s\open\src\hotspot\share\interpreter\linkResolver.cpp, line 774]
Event: 5.179 Thread 0x0000023b706375b0 Exception <a 'java/lang/NoSuchMethodError'{0x000000008ac197a0}: 'void java.lang.invoke.DirectMethodHandle$Holder.invokeStatic(java.lang.Object, java.lang.Object, java.lang.Object, java.lang.Object, java.lang.Object, java.lang.Object)'> (0x000000008ac197a0) 
thrown [s\open\src\hotspot\share\interpreter\linkResolver.cpp, line 774]

VM Operations (20 events):
Event: 2.440 Executing VM operation: HandshakeAllThreads
Event: 2.440 Executing VM operation: HandshakeAllThreads done
Event: 2.461 Executing VM operation: HandshakeAllThreads
Event: 2.461 Executing VM operation: HandshakeAllThreads done
Event: 2.592 Executing VM operation: HandshakeAllThreads
Event: 2.592 Executing VM operation: HandshakeAllThreads done
Event: 3.167 Executing VM operation: HandshakeAllThreads
Event: 3.167 Executing VM operation: HandshakeAllThreads done
Event: 3.167 Executing VM operation: Cleanup
Event: 3.167 Executing VM operation: Cleanup done
Event: 3.225 Executing VM operation: HandshakeAllThreads
Event: 3.225 Executing VM operation: HandshakeAllThreads done
Event: 3.974 Executing VM operation: HandshakeAllThreads
Event: 3.974 Executing VM operation: HandshakeAllThreads done
Event: 4.152 Executing VM operation: HandshakeAllThreads
Event: 4.152 Executing VM operation: HandshakeAllThreads done
Event: 4.153 Executing VM operation: HandshakeAllThreads
Event: 4.153 Executing VM operation: HandshakeAllThreads done
Event: 4.414 Executing VM operation: ICBufferFull
Event: 4.414 Executing VM operation: ICBufferFull done

Events (20 events):
Event: 0.029 Thread 0x0000023b6aa341c0 Thread added: 0x0000023b6aa341c0
Event: 0.029 Thread 0x0000023b6aa38b60 Thread added: 0x0000023b6aa38b60
Event: 0.050 Thread 0x0000023b6ab6b850 Thread added: 0x0000023b6ab6b850
Event: 0.053 Thread 0x0000023b6ab6e7f0 Thread added: 0x0000023b6ab6e7f0
Event: 1.703 Thread 0x0000023b701a7e40 Thread added: 0x0000023b701a7e40
Event: 2.328 Thread 0x0000023b700d8290 Thread added: 0x0000023b700d8290
Event: 2.592 Thread 0x0000023b701a7e40 Thread exited: 0x0000023b701a7e40
Event: 3.100 Thread 0x0000023b70759400 Thread added: 0x0000023b70759400
Event: 3.209 Thread 0x0000023b707d3670 Thread added: 0x0000023b707d3670
Event: 3.274 Thread 0x0000023b70795140 Thread added: 0x0000023b70795140
Event: 3.310 Thread 0x0000023b70577760 Thread added: 0x0000023b70577760
Event: 3.371 Thread 0x0000023b70637070 Thread added: 0x0000023b70637070
Event: 3.379 Thread 0x0000023b706375b0 Thread added: 0x0000023b706375b0
Event: 3.473 Thread 0x0000023b70557aa0 Thread added: 0x0000023b70557aa0
Event: 3.476 Thread 0x0000023b70556ab0 Thread added: 0x0000023b70556ab0
Event: 3.484 Thread 0x0000023b70557000 Thread added: 0x0000023b70557000
Event: 3.975 Thread 0x0000023b70556010 Thread added: 0x0000023b70556010
Event: 3.986 Thread 0x0000023b70555020 Thread added: 0x0000023b70555020
Event: 4.346 Thread 0x0000023b70555570 Thread added: 0x0000023b70555570
Event: 5.102 Thread 0x0000023b70a98050 Thread added: 0x0000023b70a98050


Dynamic libraries:
0x00007ff6a1dd0000 - 0x00007ff6a1de0000 	C:\Program Files\Java\jdk-19\bin\java.exe
0x00007fff198f0000 - 0x00007fff19b07000 	C:\WINDOWS\SYSTEM32\ntdll.dll
0x00007fff18010000 - 0x00007fff180d4000 	C:\WINDOWS\System32\KERNEL32.DLL
0x00007fff16d80000 - 0x00007fff17125000 	C:\WINDOWS\System32\KERNELBASE.dll
0x00007fff17400000 - 0x00007fff17511000 	C:\WINDOWS\System32\ucrtbase.dll
0x00007fff04150000 - 0x00007fff0416b000 	C:\Program Files\Java\jdk-19\bin\VCRUNTIME140.dll
0x00007fff05ba0000 - 0x00007fff05bb8000 	C:\Program Files\Java\jdk-19\bin\jli.dll
0x00007fff18370000 - 0x00007fff18421000 	C:\WINDOWS\System32\ADVAPI32.dll
0x00007fff181b0000 - 0x00007fff18257000 	C:\WINDOWS\System32\msvcrt.dll
0x00007fff18880000 - 0x00007fff18926000 	C:\WINDOWS\System32\sechost.dll
0x00007fff18ab0000 - 0x00007fff18bc7000 	C:\WINDOWS\System32\RPCRT4.dll
0x00007fff18530000 - 0x00007fff186de000 	C:\WINDOWS\System32\USER32.dll
0x00007fff16d50000 - 0x00007fff16d76000 	C:\WINDOWS\System32\win32u.dll
0x00007ffef07d0000 - 0x00007ffef0a63000 	C:\WINDOWS\WinSxS\amd64_microsoft.windows.common-controls_6595b64144ccf1df_6.0.22621.2506_none_270c5ae97388e100\COMCTL32.dll
0x00007fff180e0000 - 0x00007fff18109000 	C:\WINDOWS\System32\GDI32.dll
0x00007fff17520000 - 0x00007fff17639000 	C:\WINDOWS\System32\gdi32full.dll
0x00007fff17130000 - 0x00007fff171ca000 	C:\WINDOWS\System32\msvcp_win.dll
0x00007fff0f0d0000 - 0x00007fff0f0da000 	C:\WINDOWS\SYSTEM32\VERSION.dll
0x00007fff18110000 - 0x00007fff18141000 	C:\WINDOWS\System32\IMM32.DLL
0x00007fff0f850000 - 0x00007fff0f85c000 	C:\Program Files\Java\jdk-19\bin\vcruntime140_1.dll
0x00007ffec8460000 - 0x00007ffec84ee000 	C:\Program Files\Java\jdk-19\bin\msvcp140.dll
0x00007ffe99c60000 - 0x00007ffe9a920000 	C:\Program Files\Java\jdk-19\bin\server\jvm.dll
0x00007fff0f6f0000 - 0x00007fff0f724000 	C:\WINDOWS\SYSTEM32\WINMM.dll
0x00007fff05be0000 - 0x00007fff05be9000 	C:\WINDOWS\SYSTEM32\WSOCK32.dll
0x00007fff19600000 - 0x00007fff19671000 	C:\WINDOWS\System32\WS2_32.dll
0x00007fff15bc0000 - 0x00007fff15bd8000 	C:\WINDOWS\SYSTEM32\kernel.appcore.dll
0x00007fff059a0000 - 0x00007fff059aa000 	C:\Program Files\Java\jdk-19\bin\jimage.dll
0x00007fff147a0000 - 0x00007fff149d3000 	C:\WINDOWS\SYSTEM32\DBGHELP.DLL
0x00007fff17c80000 - 0x00007fff18009000 	C:\WINDOWS\System32\combase.dll
0x00007fff197d0000 - 0x00007fff198a7000 	C:\WINDOWS\System32\OLEAUT32.dll
0x00007ffee6140000 - 0x00007ffee6172000 	C:\WINDOWS\SYSTEM32\dbgcore.DLL
0x00007fff16c60000 - 0x00007fff16cda000 	C:\WINDOWS\System32\bcryptPrimitives.dll
0x00007ffed11b0000 - 0x00007ffed11d6000 	C:\Program Files\Java\jdk-19\bin\java.dll
0x00007ffec6300000 - 0x00007ffec63d7000 	C:\Program Files\Java\jdk-19\bin\jsvml.dll
0x00007fff18c50000 - 0x00007fff194a9000 	C:\WINDOWS\System32\SHELL32.dll
0x00007fff14b30000 - 0x00007fff15424000 	C:\WINDOWS\SYSTEM32\windows.storage.dll
0x00007fff149f0000 - 0x00007fff14b2e000 	C:\WINDOWS\SYSTEM32\wintypes.dll
0x00007fff18430000 - 0x00007fff18523000 	C:\WINDOWS\System32\SHCORE.dll
0x00007fff18bf0000 - 0x00007fff18c4e000 	C:\WINDOWS\System32\shlwapi.dll
0x00007fff16b90000 - 0x00007fff16bb6000 	C:\WINDOWS\SYSTEM32\profapi.dll
0x00007fff040e0000 - 0x00007fff040f3000 	C:\Program Files\Java\jdk-19\bin\net.dll
0x00007fff0f360000 - 0x00007fff0f497000 	C:\WINDOWS\SYSTEM32\WINHTTP.dll
0x00007fff16090000 - 0x00007fff160f9000 	C:\WINDOWS\system32\mswsock.dll
0x00007fff03ca0000 - 0x00007fff03cb6000 	C:\Program Files\Java\jdk-19\bin\nio.dll
0x00007ffeffa30000 - 0x00007ffeffa48000 	C:\Program Files\Java\jdk-19\bin\zip.dll
0x00007fff0f890000 - 0x00007fff0f8a0000 	C:\Program Files\Java\jdk-19\bin\verify.dll
0x00007ffedbdc0000 - 0x00007ffedbde7000 	C:\Users\Phong Vu\.gradle\native\68d5fa5c4cc2d200863cafc0d521ce42e7d3e7ee720ec0a83991735586a16f82\windows-amd64\native-platform.dll
0x00007ffeac890000 - 0x00007ffeac9d4000 	C:\Users\Phong Vu\.gradle\native\e376f236ea51e6404a007f0833ffe2c6e607c4080706a723a18a27aeea778392\windows-amd64\native-platform-file-events.dll
0x00007fff00200000 - 0x00007fff0020a000 	C:\Program Files\Java\jdk-19\bin\management.dll
0x00007ffefb590000 - 0x00007ffefb59b000 	C:\Program Files\Java\jdk-19\bin\management_ext.dll
0x00007fff18980000 - 0x00007fff18988000 	C:\WINDOWS\System32\PSAPI.DLL
0x00007fff16350000 - 0x00007fff1636b000 	C:\WINDOWS\SYSTEM32\CRYPTSP.dll
0x00007fff15b80000 - 0x00007fff15bb5000 	C:\WINDOWS\system32\rsaenh.dll
0x00007fff161b0000 - 0x00007fff161dc000 	C:\WINDOWS\SYSTEM32\USERENV.dll
0x00007fff165f0000 - 0x00007fff16618000 	C:\WINDOWS\SYSTEM32\bcrypt.dll
0x00007fff16310000 - 0x00007fff1631c000 	C:\WINDOWS\SYSTEM32\CRYPTBASE.dll
0x00007fff156d0000 - 0x00007fff156fd000 	C:\WINDOWS\SYSTEM32\IPHLPAPI.DLL
0x00007fff18a10000 - 0x00007fff18a19000 	C:\WINDOWS\System32\NSI.dll
0x00007fff0f1b0000 - 0x00007fff0f1c9000 	C:\WINDOWS\SYSTEM32\dhcpcsvc6.DLL
0x00007fff0f1e0000 - 0x00007fff0f1ff000 	C:\WINDOWS\SYSTEM32\dhcpcsvc.DLL
0x00007fff15700000 - 0x00007fff157f9000 	C:\WINDOWS\SYSTEM32\DNSAPI.dll
0x00007ffef5d70000 - 0x00007ffef5d78000 	C:\Program Files\Java\jdk-19\bin\extnet.dll
0x00007ffefa530000 - 0x00007ffefa53e000 	C:\Program Files\Java\jdk-19\bin\sunmscapi.dll
0x00007fff171d0000 - 0x00007fff17336000 	C:\WINDOWS\System32\CRYPT32.dll
0x00007fff165c0000 - 0x00007fff165ed000 	C:\WINDOWS\SYSTEM32\ncrypt.dll
0x00007fff16580000 - 0x00007fff165b7000 	C:\WINDOWS\SYSTEM32\NTASN1.dll
0x00007ffef9260000 - 0x00007ffef9268000 	C:\WINDOWS\system32\wshunix.dll

dbghelp: loaded successfully - version: 4.0.5 - missing functions: none
symbol engine: initialized successfully - sym options: 0x614 - pdb path: .;C:\Program Files\Java\jdk-19\bin;C:\WINDOWS\SYSTEM32;C:\WINDOWS\WinSxS\amd64_microsoft.windows.common-controls_6595b64144ccf1df_6.0.22621.2506_none_270c5ae97388e100;C:\Program Files\Java\jdk-19\bin\server;C:\Users\Phong Vu\.gradle\native\68d5fa5c4cc2d200863cafc0d521ce42e7d3e7ee720ec0a83991735586a16f82\windows-amd64;C:\Users\Phong Vu\.gradle\native\e376f236ea51e6404a007f0833ffe2c6e607c4080706a723a18a27aeea778392\windows-amd64

VM Arguments:
jvm_args: -XX:MaxMetaspaceSize=512m --add-opens=java.base/java.util=ALL-UNNAMED --add-opens=java.base/java.lang=ALL-UNNAMED --add-opens=java.base/java.lang.invoke=ALL-UNNAMED --add-opens=java.prefs/java.util.prefs=ALL-UNNAMED --add-opens=java.base/java.nio.charset=ALL-UNNAMED --add-opens=java.base/java.net=ALL-UNNAMED --add-opens=java.base/java.util.concurrent.atomic=ALL-UNNAMED -Xmx2048m -Dfile.encoding=UTF-8 -Duser.country=US -Duser.language=en -Duser.variant 
java_command: org.gradle.launcher.daemon.bootstrap.GradleDaemon 8.0.1
java_class_path (initial): C:\Users\Phong Vu\.gradle\wrapper\dists\gradle-8.0.1-all\aro4hu1c3oeioove7l0i4i14o\gradle-8.0.1\lib\gradle-launcher-8.0.1.jar
Launcher Type: SUN_STANDARD

[Global flags]
     intx CICompilerCount                          = 4                                         {product} {ergonomic}
   size_t CompressedClassSpaceSize                 = 432013312                                 {product} {ergonomic}
     uint ConcGCThreads                            = 2                                         {product} {ergonomic}
     uint G1ConcRefinementThreads                  = 8                                         {product} {ergonomic}
   size_t G1HeapRegionSize                         = 1048576                                   {product} {ergonomic}
    uintx GCDrainStackTargetSize                   = 64                                        {product} {ergonomic}
   size_t InitialHeapSize                          = 266338304                                 {product} {ergonomic}
   size_t MarkStackSize                            = 4194304                                   {product} {ergonomic}
   size_t MaxHeapSize                              = 2147483648                                {product} {command line}
   size_t MaxMetaspaceSize                         = 536870912                                 {product} {command line}
   size_t MaxNewSize                               = 1287651328                                {product} {ergonomic}
   size_t MinHeapDeltaBytes                        = 1048576                                   {product} {ergonomic}
   size_t MinHeapSize                              = 8388608                                   {product} {ergonomic}
    uintx NonNMethodCodeHeapSize                   = 5839372                                {pd product} {ergonomic}
    uintx NonProfiledCodeHeapSize                  = 122909434                              {pd product} {ergonomic}
    uintx ProfiledCodeHeapSize                     = 122909434                              {pd product} {ergonomic}
    uintx ReservedCodeCacheSize                    = 251658240                              {pd product} {ergonomic}
     bool SegmentedCodeCache                       = true                                      {product} {ergonomic}
   size_t SoftMaxHeapSize                          = 2147483648                             {manageable} {ergonomic}
     bool UseCompressedClassPointers               = true                           {product lp64_product} {ergonomic}
     bool UseCompressedOops                        = true                           {product lp64_product} {ergonomic}
     bool UseG1GC                                  = true                                      {product} {ergonomic}
     bool UseLargePagesIndividualAllocation        = false                                  {pd product} {ergonomic}

Logging:
Log output configuration:
 #0: stdout all=warning uptime,level,tags foldmultilines=false
 #1: stderr all=off uptime,level,tags foldmultilines=false

Environment Variables:
CLASSPATH=D:\Workspace\Mobile App\ADHFit\android\\gradle\wrapper\gradle-wrapper.jar
PATH=D:\Workspace\Mobile App\ADHFit\node_modules\.bin;D:\Workspace\Mobile App\ADHFit\node_modules\.bin;D:\Workspace\Mobile App\node_modules\.bin;D:\Workspace\node_modules\.bin;D:\node_modules\.bin;C:\Program Files\nodejs\node_modules\npm\node_modules\@npmcli\run-script\lib\node-gyp-bin;D:\Workspace\Mobile App\ADHFit\node_modules\.bin;D:\Workspace\Mobile App\node_modules\.bin;D:\Workspace\node_modules\.bin;D:\node_modules\.bin;C:\Program Files\nodejs\node_modules\npm\node_modules\@npmcli\run-script\lib\node-gyp-bin;C:\Program Files\Common Files\Oracle\Java\javapath;C:\Windows\system32;C:\Windows;C:\Windows\System32\Wbem;C:\Windows\System32\WindowsPowerShell\v1.0\;C:\Windows\System32\OpenSSH\;C:\Program Files (x86)\NVIDIA Corporation\PhysX\Common;C:\Program Files\NVIDIA Corporation\NVIDIA NvDLISR;C:\TDM-GCC-32\bin;D:\Matlab\runtime\win64;D:\Matlab\bin;D:\Matlab\polyspace\bin;C:\Program Files\Microsoft\Web Platform Installer\;C:\Program Files (x86)\Microsoft ASP.NET\ASP.NET Web Pages\v1.0\;C:\Program Files\Microsoft SQL Server\110\Tools\Binn\;C:\WINDOWS\system32;C:\WINDOWS;C:\WINDOWS\System32\Wbem;C:\WINDOWS\System32\WindowsPowerShell\v1.0\;C:\WINDOWS\System32\OpenSSH\;C:\Program Files (x86)\Microsoft SQL Server\150\Tools\Binn\;C:\Program Files\Microsoft SQL Server\150\Tools\Binn\;C:\Program Files (x86)\Microsoft SQL Server\150\DTS\Binn\;C:\Program Files\Microsoft SQL Server\150\DTS\Binn\;C:\Program Files\Microsoft SQL Server\Client SDK\ODBC\170\Tools\Binn\;C:\Program Files\Git\cmd;C:\Users\Phong Vu\AppData\Roaming\nvm;C:;C:\WINDOWS\system32;C:\WINDOWS;C:\WINDOWS\System32\Wbem;C:\WINDOWS\System32\WindowsPowerShell\v1.0\;C:\WINDOWS\System32\OpenSSH\;C:\Program Files\nodejs\;D:\opencv\build\x64\vc16\bin;C:\Program Files\CMake\bin;C:\Program Files (x86)\Windows Kits\10\Windows Performance Toolkit\;C:\Users\Phong Vu\AppData\Local\Programs\Python\Python312\Scripts;D:\Anaconda\Scripts;D:\Anaconda;D:\Anaconda\Library\bin;C:\Program Files\PuTTY\;C:\Users\Phong Vu\AppData\Local\Microsoft\WindowsApps;D:\mingw64\bin;C:\Program Files\JetBrains\PyCharm Community Edition 2023.2.2\bin;;D:\JavaIDE\IntelliJ IDEA Community Edition 2022.1.4\bin;;C:\Program Files\Azure Data Studio\bin;C:\Users\Phong Vu\AppData\Local\Programs\Microsoft VS Code\bin;C:\Users\Phong Vu\AppData\Roaming\nvm;C:\Program Files\nodejs;D:\QPLE\modelsim_ase\win32aloem;D:\Pycharm\PyCharm 2023.1.3\bin;;C:\Users\Phong Vu\AppData\Roaming\npm;C:\Program Files\Java\jdk-19\bin;C:\Program Files\openssl-0.9.8k_X64\bin;D:\opencv\build\x64\vc16\bin;C:\Users\Phong Vu\AppData\Local\Programs\Python\Python312\Scripts;D:\Anaconda\Scripts;D:\Anaconda;D:\Anaconda\Library\bin;;D:\Intelliji\IntelliJ IDEA Educational Edition 2022.2.2\bin;
USERNAME=Nguyen Hieu
LANG=en_US.UTF-8
OS=Windows_NT
PROCESSOR_IDENTIFIER=Intel64 Family 6 Model 165 Stepping 2, GenuineIntel
TMP=C:\Users\PHONGV~1\AppData\Local\Temp
TEMP=C:\Users\PHONGV~1\AppData\Local\Temp



---------------  S Y S T E M  ---------------

OS:
 Windows 11 , 64 bit Build 22621 (10.0.22621.2506)
OS uptime: 2 days 7:32 hours
Hyper-V role detected

CPU: total 8 (initial active 8) (4 cores per cpu, 2 threads per core) family 6 model 165 stepping 2 microcode 0xe2, cx8, cmov, fxsr, ht, mmx, 3dnowpref, sse, sse2, sse3, ssse3, sse4.1, sse4.2, popcnt, lzcnt, tsc, tscinvbit, avx, avx2, aes, erms, clmul, bmi1, bmi2, adx, fma, vzeroupper, clflush, clflushopt, hv, rdtscp

Memory: 4k page, system-wide physical 16215M (458M free)
TotalPageFile size 23383M (AvailPageFile size 4M)
current process WorkingSet (physical memory assigned to process): 207M, peak: 207M
current process commit charge ("private bytes"): 423M, peak: 424M

vm_info: Java HotSpot(TM) 64-Bit Server VM (19+36-2238) for windows-amd64 JRE (19+36-2238), built on 2022-08-12T20:29:01Z by "mach5one" with MS VC++ 17.1 (VS2022)

END.
